{"/Users/nicholaschang/dev/feature-demo/src/App.vue": {"path":"/Users/nicholaschang/dev/feature-demo/src/App.vue","statementMap":{"0":{"start":{"line":4,"column":21},"end":{"line":4,"column":null}}},"fnMap":{"0":{"name":"(anonymous_2)","decl":{"start":{"line":4,"column":6},"end":{"line":4,"column":21}},"loc":{"start":{"line":4,"column":21},"end":{"line":4,"column":null}}}},"branchMap":{"0":{"loc":{"start":{"line":3,"column":20},"end":{"line":3,"column":null}},"type":"binary-expr","locations":[{"start":{"line":3,"column":20},"end":{"line":3,"column":38}},{"start":{"line":3,"column":38},"end":{"line":3,"column":null}}]}},"s":{"0":1},"f":{"0":1},"b":{"0":[1,1]}}
,"/Users/nicholaschang/dev/feature-demo/src/boot/axios.ts": {"path":"/Users/nicholaschang/dev/feature-demo/src/boot/axios.ts","statementMap":{"0":{"start":{"line":19,"column":12},"end":{"line":19,"column":null}},"1":{"start":{"line":24,"column":2},"end":{"line":24,"column":null}},"2":{"start":{"line":28,"column":2},"end":{"line":28,"column":null}}},"fnMap":{"0":{"name":"(anonymous_0)","decl":{"start":{"line":21,"column":20},"end":{"line":21,"column":21}},"loc":{"start":{"line":21,"column":33},"end":{"line":31,"column":1}}}},"branchMap":{},"s":{"0":0,"1":0,"2":0},"f":{"0":0},"b":{}}
,"/Users/nicholaschang/dev/feature-demo/src/components/CarouselDialogue.vue": {"path":"/Users/nicholaschang/dev/feature-demo/src/components/CarouselDialogue.vue","statementMap":{"0":{"start":{"line":11,"column":2},"end":{"line":11,"column":null}},"1":{"start":{"line":7,"column":14},"end":{"line":7,"column":null}},"2":{"start":{"line":9,"column":17},"end":{"line":9,"column":null}},"3":{"start":{"line":15,"column":7},"end":{"line":15,"column":null}},"4":{"start":{"line":19,"column":14},"end":{"line":19,"column":null}},"5":{"start":{"line":21,"column":46},"end":{"line":21,"column":null}},"6":{"start":{"line":27,"column":17},"end":{"line":27,"column":null}},"7":{"start":{"line":38,"column":45},"end":{"line":39,"column":60}},"8":{"start":{"line":42,"column":47},"end":{"line":43,"column":60}},"9":{"start":{"line":46,"column":46},"end":{"line":47,"column":60}},"10":{"start":{"line":50,"column":47},"end":{"line":51,"column":60}}},"fnMap":{"0":{"name":"(anonymous_2)","decl":{"start":{"line":19,"column":12},"end":{"line":19,"column":14}},"loc":{"start":{"line":19,"column":14},"end":{"line":19,"column":null}}},"1":{"name":"(anonymous_3)","decl":{"start":{"line":21,"column":46},"end":{"line":21,"column":54}},"loc":{"start":{"line":21,"column":46},"end":{"line":21,"column":null}}},"2":{"name":"(anonymous_5)","decl":{"start":{"line":27,"column":17},"end":{"line":27,"column":22}},"loc":{"start":{"line":27,"column":17},"end":{"line":27,"column":null}}},"3":{"name":"(anonymous_7)","decl":{"start":{"line":38,"column":10},"end":{"line":38,"column":18}},"loc":{"start":{"line":38,"column":45},"end":{"line":39,"column":60}}},"4":{"name":"(anonymous_8)","decl":{"start":{"line":42,"column":10},"end":{"line":42,"column":18}},"loc":{"start":{"line":42,"column":47},"end":{"line":43,"column":60}}},"5":{"name":"(anonymous_9)","decl":{"start":{"line":46,"column":10},"end":{"line":46,"column":18}},"loc":{"start":{"line":46,"column":46},"end":{"line":47,"column":60}}},"6":{"name":"(anonymous_10)","decl":{"start":{"line":50,"column":10},"end":{"line":50,"column":18}},"loc":{"start":{"line":50,"column":47},"end":{"line":51,"column":60}}}},"branchMap":{"0":{"loc":{"start":{"line":19,"column":12},"end":{"line":19,"column":null}},"type":"binary-expr","locations":[{"start":{"line":19,"column":12},"end":{"line":19,"column":14}},{"start":{"line":19,"column":12},"end":{"line":19,"column":null}}]},"1":{"loc":{"start":{"line":21,"column":46},"end":{"line":21,"column":null}},"type":"binary-expr","locations":[{"start":{"line":21,"column":46},"end":{"line":21,"column":54}},{"start":{"line":21,"column":46},"end":{"line":21,"column":null}}]},"2":{"loc":{"start":{"line":27,"column":17},"end":{"line":27,"column":null}},"type":"binary-expr","locations":[{"start":{"line":27,"column":17},"end":{"line":27,"column":22}},{"start":{"line":27,"column":17},"end":{"line":27,"column":null}}]}},"s":{"0":1,"1":2,"2":2,"3":1,"4":1,"5":0,"6":0,"7":2,"8":0,"9":0,"10":0},"f":{"0":1,"1":0,"2":0,"3":2,"4":0,"5":0,"6":0},"b":{"0":[5,4],"1":[5,4],"2":[1,1]}}
,"/Users/nicholaschang/dev/feature-demo/src/components/ColorPicker.vue": {"path":"/Users/nicholaschang/dev/feature-demo/src/components/ColorPicker.vue","statementMap":{"0":{"start":{"line":8,"column":12},"end":{"line":8,"column":null}},"1":{"start":{"line":12,"column":7},"end":{"line":12,"column":null}},"2":{"start":{"line":13,"column":22},"end":{"line":13,"column":27}}},"fnMap":{"0":{"name":"(anonymous_2)","decl":{"start":{"line":13,"column":22},"end":{"line":13,"column":25}},"loc":{"start":{"line":13,"column":22},"end":{"line":13,"column":27}}}},"branchMap":{"0":{"loc":{"start":{"line":13,"column":22},"end":{"line":13,"column":27}},"type":"binary-expr","locations":[{"start":{"line":13,"column":22},"end":{"line":13,"column":25}},{"start":{"line":13,"column":22},"end":{"line":13,"column":27}}]}},"s":{"0":3,"1":1,"2":1},"f":{"0":1},"b":{"0":[4,3]}}
,"/Users/nicholaschang/dev/feature-demo/src/components/DataTable.vue": {"path":"/Users/nicholaschang/dev/feature-demo/src/components/DataTable.vue","statementMap":{"0":{"start":{"line":8,"column":17},"end":{"line":8,"column":null}},"1":{"start":{"line":12,"column":2},"end":{"line":86,"column":null}},"2":{"start":{"line":15,"column":22},"end":{"line":15,"column":null}}},"fnMap":{"0":{"name":"(anonymous_2)","decl":{"start":{"line":15,"column":22},"end":{"line":15,"column":30}},"loc":{"start":{"line":15,"column":22},"end":{"line":15,"column":null}}}},"branchMap":{"0":{"loc":{"start":{"line":15,"column":22},"end":{"line":15,"column":null}},"type":"binary-expr","locations":[{"start":{"line":15,"column":22},"end":{"line":15,"column":30}},{"start":{"line":15,"column":22},"end":{"line":15,"column":null}}]}},"s":{"0":1,"1":5,"2":3},"f":{"0":3},"b":{"0":[5,2]}}
,"/Users/nicholaschang/dev/feature-demo/src/components/DateRangePicker.vue": {"path":"/Users/nicholaschang/dev/feature-demo/src/components/DateRangePicker.vue","statementMap":{"0":{"start":{"line":8,"column":13},"end":{"line":11,"column":null}},"1":{"start":{"line":15,"column":7},"end":{"line":15,"column":null}},"2":{"start":{"line":16,"column":9},"end":{"line":16,"column":null}},"3":{"start":{"line":17,"column":23},"end":{"line":17,"column":29}}},"fnMap":{"0":{"name":"(anonymous_2)","decl":{"start":{"line":17,"column":23},"end":{"line":17,"column":27}},"loc":{"start":{"line":17,"column":23},"end":{"line":17,"column":29}}}},"branchMap":{"0":{"loc":{"start":{"line":17,"column":23},"end":{"line":17,"column":29}},"type":"binary-expr","locations":[{"start":{"line":17,"column":23},"end":{"line":17,"column":27}},{"start":{"line":17,"column":23},"end":{"line":17,"column":29}}]}},"s":{"0":0,"1":0,"2":0,"3":0},"f":{"0":0},"b":{"0":[0,0]}}
,"/Users/nicholaschang/dev/feature-demo/src/components/FilePicker.vue": {"path":"/Users/nicholaschang/dev/feature-demo/src/components/FilePicker.vue","statementMap":{"0":{"start":{"line":8,"column":14},"end":{"line":8,"column":null}},"1":{"start":{"line":12,"column":2},"end":{"line":19,"column":null}},"2":{"start":{"line":13,"column":13},"end":{"line":13,"column":null}}},"fnMap":{"0":{"name":"(anonymous_2)","decl":{"start":{"line":13,"column":13},"end":{"line":13,"column":18}},"loc":{"start":{"line":13,"column":13},"end":{"line":13,"column":null}}}},"branchMap":{"0":{"loc":{"start":{"line":13,"column":13},"end":{"line":13,"column":null}},"type":"binary-expr","locations":[{"start":{"line":13,"column":13},"end":{"line":13,"column":18}},{"start":{"line":13,"column":13},"end":{"line":13,"column":null}}]}},"s":{"0":0,"1":0,"2":0},"f":{"0":0},"b":{"0":[0,0]}}
,"/Users/nicholaschang/dev/feature-demo/src/components/InteractiveMap.vue": {"path":"/Users/nicholaschang/dev/feature-demo/src/components/InteractiveMap.vue","statementMap":{"0":{"start":{"line":27,"column":11},"end":{"line":27,"column":null}},"1":{"start":{"line":28,"column":18},"end":{"line":30,"column":null}},"2":{"start":{"line":31,"column":18},"end":{"line":31,"column":null}},"3":{"start":{"line":32,"column":19},"end":{"line":32,"column":null}},"4":{"start":{"line":33,"column":19},"end":{"line":33,"column":null}},"5":{"start":{"line":34,"column":17},"end":{"line":34,"column":null}},"6":{"start":{"line":36,"column":38},"end":{"line":45,"column":null}},"7":{"start":{"line":47,"column":41},"end":{"line":56,"column":null}},"8":{"start":{"line":58,"column":13},"end":{"line":61,"column":null}},"9":{"start":{"line":63,"column":0},"end":{"line":79,"column":null}},"10":{"start":{"line":64,"column":8},"end":{"line":64,"column":null}},"11":{"start":{"line":66,"column":4},"end":{"line":77,"column":null}},"12":{"start":{"line":67,"column":6},"end":{"line":76,"column":null}},"13":{"start":{"line":68,"column":8},"end":{"line":68,"column":null}},"14":{"start":{"line":75,"column":8},"end":{"line":75,"column":null}},"15":{"start":{"line":81,"column":0},"end":{"line":96,"column":null}},"16":{"start":{"line":82,"column":8},"end":{"line":82,"column":null}},"17":{"start":{"line":84,"column":4},"end":{"line":88,"column":null}},"18":{"start":{"line":85,"column":6},"end":{"line":85,"column":null}},"19":{"start":{"line":86,"column":6},"end":{"line":86,"column":null}},"20":{"start":{"line":87,"column":6},"end":{"line":87,"column":null}},"21":{"start":{"line":90,"column":4},"end":{"line":94,"column":null}},"22":{"start":{"line":91,"column":6},"end":{"line":91,"column":null}},"23":{"start":{"line":92,"column":6},"end":{"line":92,"column":null}},"24":{"start":{"line":93,"column":6},"end":{"line":93,"column":null}},"25":{"start":{"line":98,"column":0},"end":{"line":100,"column":null}},"26":{"start":{"line":99,"column":2},"end":{"line":99,"column":null}},"27":{"start":{"line":102,"column":0},"end":{"line":104,"column":null}},"28":{"start":{"line":103,"column":2},"end":{"line":103,"column":null}},"29":{"start":{"line":107,"column":14},"end":{"line":131,"column":null}},"30":{"start":{"line":133,"column":2},"end":{"line":133,"column":null}},"31":{"start":{"line":135,"column":2},"end":{"line":135,"column":null}},"32":{"start":{"line":139,"column":17},"end":{"line":142,"column":null}},"33":{"start":{"line":144,"column":20},"end":{"line":146,"column":null}},"34":{"start":{"line":146,"column":21},"end":{"line":146,"column":51}},"35":{"start":{"line":147,"column":21},"end":{"line":147,"column":null}},"36":{"start":{"line":148,"column":2},"end":{"line":157,"column":null}},"37":{"start":{"line":158,"column":2},"end":{"line":158,"column":null}},"38":{"start":{"line":159,"column":2},"end":{"line":159,"column":null}},"39":{"start":{"line":160,"column":2},"end":{"line":164,"column":null}},"40":{"start":{"line":171,"column":20},"end":{"line":173,"column":null}},"41":{"start":{"line":173,"column":21},"end":{"line":173,"column":51}},"42":{"start":{"line":174,"column":21},"end":{"line":174,"column":null}},"43":{"start":{"line":175,"column":23},"end":{"line":175,"column":null}},"44":{"start":{"line":176,"column":3},"end":{"line":176,"column":null}},"45":{"start":{"line":177,"column":2},"end":{"line":177,"column":null}},"46":{"start":{"line":178,"column":15},"end":{"line":178,"column":null}},"47":{"start":{"line":179,"column":2},"end":{"line":179,"column":null}},"48":{"start":{"line":183,"column":2},"end":{"line":183,"column":null}},"49":{"start":{"line":184,"column":2},"end":{"line":184,"column":null}},"50":{"start":{"line":186,"column":2},"end":{"line":191,"column":null}},"51":{"start":{"line":190,"column":4},"end":{"line":190,"column":null}},"52":{"start":{"line":193,"column":2},"end":{"line":193,"column":null}},"53":{"start":{"line":194,"column":2},"end":{"line":194,"column":null}},"54":{"start":{"line":195,"column":2},"end":{"line":195,"column":null}},"55":{"start":{"line":197,"column":15},"end":{"line":197,"column":null}},"56":{"start":{"line":199,"column":18},"end":{"line":199,"column":null}},"57":{"start":{"line":200,"column":2},"end":{"line":200,"column":null}},"58":{"start":{"line":201,"column":2},"end":{"line":201,"column":null}},"59":{"start":{"line":203,"column":22},"end":{"line":203,"column":null}},"60":{"start":{"line":204,"column":13},"end":{"line":204,"column":null}},"61":{"start":{"line":205,"column":2},"end":{"line":205,"column":null}},"62":{"start":{"line":207,"column":25},"end":{"line":207,"column":null}},"63":{"start":{"line":208,"column":16},"end":{"line":208,"column":null}},"64":{"start":{"line":209,"column":2},"end":{"line":209,"column":null}},"65":{"start":{"line":209,"column":35},"end":{"line":209,"column":63}},"66":{"start":{"line":210,"column":2},"end":{"line":210,"column":null}},"67":{"start":{"line":212,"column":22},"end":{"line":212,"column":null}},"68":{"start":{"line":214,"column":17},"end":{"line":222,"column":null}},"69":{"start":{"line":223,"column":16},"end":{"line":223,"column":null}},"70":{"start":{"line":224,"column":19},"end":{"line":224,"column":null}},"71":{"start":{"line":225,"column":27},"end":{"line":225,"column":null}},"72":{"start":{"line":227,"column":2},"end":{"line":246,"column":null}},"73":{"start":{"line":228,"column":16},"end":{"line":228,"column":null}},"74":{"start":{"line":230,"column":4},"end":{"line":235,"column":null}},"75":{"start":{"line":231,"column":19},"end":{"line":231,"column":null}},"76":{"start":{"line":232,"column":6},"end":{"line":232,"column":null}},"77":{"start":{"line":233,"column":6},"end":{"line":233,"column":null}},"78":{"start":{"line":234,"column":6},"end":{"line":234,"column":null}},"79":{"start":{"line":237,"column":4},"end":{"line":241,"column":null}},"80":{"start":{"line":238,"column":22},"end":{"line":238,"column":null}},"81":{"start":{"line":239,"column":6},"end":{"line":239,"column":null}},"82":{"start":{"line":240,"column":6},"end":{"line":240,"column":null}},"83":{"start":{"line":242,"column":4},"end":{"line":245,"column":null}},"84":{"start":{"line":243,"column":6},"end":{"line":243,"column":null}},"85":{"start":{"line":244,"column":6},"end":{"line":244,"column":null}},"86":{"start":{"line":247,"column":2},"end":{"line":251,"column":null}},"87":{"start":{"line":248,"column":4},"end":{"line":248,"column":null}},"88":{"start":{"line":250,"column":4},"end":{"line":250,"column":null}},"89":{"start":{"line":253,"column":2},"end":{"line":253,"column":null}},"90":{"start":{"line":254,"column":2},"end":{"line":254,"column":null}},"91":{"start":{"line":256,"column":2},"end":{"line":256,"column":null}},"92":{"start":{"line":257,"column":2},"end":{"line":257,"column":null}},"93":{"start":{"line":258,"column":2},"end":{"line":258,"column":null}},"94":{"start":{"line":259,"column":2},"end":{"line":259,"column":null}},"95":{"start":{"line":275,"column":13},"end":{"line":275,"column":null}}},"fnMap":{"0":{"name":"(anonymous_1)","decl":{"start":{"line":64,"column":2},"end":{"line":64,"column":8}},"loc":{"start":{"line":64,"column":8},"end":{"line":64,"column":null}}},"1":{"name":"(anonymous_2)","decl":{"start":{"line":65,"column":2},"end":{"line":65,"column":3}},"loc":{"start":{"line":65,"column":13},"end":{"line":78,"column":null}}},"2":{"name":"(anonymous_3)","decl":{"start":{"line":82,"column":2},"end":{"line":82,"column":8}},"loc":{"start":{"line":82,"column":8},"end":{"line":82,"column":null}}},"3":{"name":"(anonymous_4)","decl":{"start":{"line":83,"column":2},"end":{"line":83,"column":3}},"loc":{"start":{"line":83,"column":13},"end":{"line":95,"column":null}}},"4":{"name":"(anonymous_5)","decl":{"start":{"line":98,"column":10},"end":{"line":98,"column":16}},"loc":{"start":{"line":98,"column":16},"end":{"line":100,"column":1}}},"5":{"name":"(anonymous_6)","decl":{"start":{"line":102,"column":12},"end":{"line":102,"column":18}},"loc":{"start":{"line":102,"column":18},"end":{"line":104,"column":1}}},"6":{"name":"createMap","decl":{"start":{"line":106,"column":9},"end":{"line":106,"column":21}},"loc":{"start":{"line":106,"column":21},"end":{"line":136,"column":null}}},"7":{"name":"createMarker","decl":{"start":{"line":138,"column":9},"end":{"line":138,"column":22}},"loc":{"start":{"line":138,"column":44},"end":{"line":168,"column":null}}},"8":{"name":"(anonymous_9)","decl":{"start":{"line":146,"column":10},"end":{"line":146,"column":11}},"loc":{"start":{"line":146,"column":21},"end":{"line":146,"column":51}}},"9":{"name":"removeMarker","decl":{"start":{"line":170,"column":9},"end":{"line":170,"column":24}},"loc":{"start":{"line":170,"column":24},"end":{"line":180,"column":null}}},"10":{"name":"(anonymous_11)","decl":{"start":{"line":173,"column":10},"end":{"line":173,"column":11}},"loc":{"start":{"line":173,"column":21},"end":{"line":173,"column":51}}},"11":{"name":"onMapClick","decl":{"start":{"line":182,"column":9},"end":{"line":182,"column":20}},"loc":{"start":{"line":182,"column":39},"end":{"line":262,"column":null}}},"12":{"name":"(anonymous_13)","decl":{"start":{"line":209,"column":24},"end":{"line":209,"column":25}},"loc":{"start":{"line":209,"column":35},"end":{"line":209,"column":63}}},"13":{"name":"(anonymous_14)","decl":{"start":{"line":227,"column":49},"end":{"line":227,"column":50}},"loc":{"start":{"line":227,"column":62},"end":{"line":246,"column":3}}},"14":{"name":"(anonymous_16)","decl":{"start":{"line":275,"column":11},"end":{"line":275,"column":13}},"loc":{"start":{"line":275,"column":13},"end":{"line":275,"column":null}}}},"branchMap":{"0":{"loc":{"start":{"line":28,"column":18},"end":{"line":30,"column":null}},"type":"cond-expr","locations":[{"start":{"line":29,"column":4},"end":{"line":29,"column":null}},{"start":{"line":30,"column":4},"end":{"line":30,"column":null}}]},"1":{"loc":{"start":{"line":66,"column":4},"end":{"line":77,"column":null}},"type":"if","locations":[{"start":{"line":66,"column":4},"end":{"line":77,"column":null}},{"start":{"line":66,"column":4},"end":{"line":77,"column":null}}]},"2":{"loc":{"start":{"line":84,"column":4},"end":{"line":88,"column":null}},"type":"if","locations":[{"start":{"line":84,"column":4},"end":{"line":88,"column":null}},{"start":{"line":84,"column":4},"end":{"line":88,"column":null}}]},"3":{"loc":{"start":{"line":90,"column":4},"end":{"line":94,"column":null}},"type":"if","locations":[{"start":{"line":90,"column":4},"end":{"line":94,"column":null}},{"start":{"line":90,"column":4},"end":{"line":94,"column":null}}]},"4":{"loc":{"start":{"line":152,"column":13},"end":{"line":154,"column":null}},"type":"cond-expr","locations":[{"start":{"line":153,"column":12},"end":{"line":153,"column":null}},{"start":{"line":154,"column":12},"end":{"line":154,"column":null}}]},"5":{"loc":{"start":{"line":186,"column":2},"end":{"line":191,"column":null}},"type":"if","locations":[{"start":{"line":186,"column":2},"end":{"line":191,"column":null}},{"start":{"line":186,"column":2},"end":{"line":191,"column":null}}]},"6":{"loc":{"start":{"line":230,"column":4},"end":{"line":235,"column":null}},"type":"if","locations":[{"start":{"line":230,"column":4},"end":{"line":235,"column":null}},{"start":{"line":230,"column":4},"end":{"line":235,"column":null}}]},"7":{"loc":{"start":{"line":237,"column":4},"end":{"line":241,"column":null}},"type":"if","locations":[{"start":{"line":237,"column":4},"end":{"line":241,"column":null}},{"start":{"line":237,"column":4},"end":{"line":241,"column":null}}]},"8":{"loc":{"start":{"line":237,"column":8},"end":{"line":237,"column":60}},"type":"binary-expr","locations":[{"start":{"line":237,"column":8},"end":{"line":237,"column":29}},{"start":{"line":237,"column":29},"end":{"line":237,"column":60}}]},"9":{"loc":{"start":{"line":242,"column":4},"end":{"line":245,"column":null}},"type":"if","locations":[{"start":{"line":242,"column":4},"end":{"line":245,"column":null}},{"start":{"line":242,"column":4},"end":{"line":245,"column":null}}]},"10":{"loc":{"start":{"line":247,"column":2},"end":{"line":251,"column":null}},"type":"if","locations":[{"start":{"line":247,"column":2},"end":{"line":251,"column":null}},{"start":{"line":247,"column":2},"end":{"line":251,"column":null}}]},"11":{"loc":{"start":{"line":275,"column":11},"end":{"line":275,"column":null}},"type":"binary-expr","locations":[{"start":{"line":275,"column":11},"end":{"line":275,"column":13}},{"start":{"line":275,"column":11},"end":{"line":275,"column":null}}]},"12":{"loc":{"start":{"line":276,"column":12},"end":{"line":276,"column":null}},"type":"cond-expr","locations":[{"start":{"line":276,"column":28},"end":{"line":276,"column":null}},{"start":{"line":276,"column":28},"end":{"line":276,"column":null}}]}},"s":{"0":5,"1":5,"2":5,"3":5,"4":5,"5":5,"6":5,"7":5,"8":5,"9":5,"10":5,"11":0,"12":0,"13":0,"14":0,"15":5,"16":5,"17":0,"18":0,"19":0,"20":0,"21":0,"22":0,"23":0,"24":0,"25":5,"26":5,"27":5,"28":5,"29":5,"30":5,"31":5,"32":0,"33":0,"34":0,"35":0,"36":0,"37":0,"38":0,"39":0,"40":0,"41":0,"42":0,"43":0,"44":0,"45":0,"46":0,"47":0,"48":0,"49":0,"50":0,"51":0,"52":0,"53":0,"54":0,"55":0,"56":0,"57":0,"58":0,"59":0,"60":0,"61":0,"62":0,"63":0,"64":0,"65":0,"66":0,"67":0,"68":0,"69":0,"70":0,"71":0,"72":0,"73":0,"74":0,"75":0,"76":0,"77":0,"78":0,"79":0,"80":0,"81":0,"82":0,"83":0,"84":0,"85":0,"86":0,"87":0,"88":0,"89":0,"90":0,"91":0,"92":0,"93":0,"94":0,"95":0},"f":{"0":5,"1":0,"2":5,"3":0,"4":5,"5":5,"6":5,"7":0,"8":0,"9":0,"10":0,"11":0,"12":0,"13":0,"14":0},"b":{"0":[0,5],"1":[0,0],"2":[0,0],"3":[0,0],"4":[0,0],"5":[0,0],"6":[0,0],"7":[0,0],"8":[0,0],"9":[0,0],"10":[0,0],"11":[5,5],"12":[1,4]}}
,"/Users/nicholaschang/dev/feature-demo/src/components/LayersPicker.vue": {"path":"/Users/nicholaschang/dev/feature-demo/src/components/LayersPicker.vue","statementMap":{"0":{"start":{"line":16,"column":17},"end":{"line":16,"column":null}},"1":{"start":{"line":17,"column":18},"end":{"line":17,"column":null}},"2":{"start":{"line":19,"column":18},"end":{"line":19,"column":null}},"3":{"start":{"line":21,"column":15},"end":{"line":21,"column":null}},"4":{"start":{"line":22,"column":19},"end":{"line":22,"column":null}},"5":{"start":{"line":23,"column":27},"end":{"line":23,"column":null}},"6":{"start":{"line":24,"column":27},"end":{"line":24,"column":null}},"7":{"start":{"line":26,"column":18},"end":{"line":26,"column":null}},"8":{"start":{"line":28,"column":24},"end":{"line":43,"column":null}},"9":{"start":{"line":29,"column":2},"end":{"line":31,"column":null}},"10":{"start":{"line":30,"column":4},"end":{"line":30,"column":null}},"11":{"start":{"line":32,"column":12},"end":{"line":32,"column":null}},"12":{"start":{"line":34,"column":4},"end":{"line":34,"column":null}},"13":{"start":{"line":36,"column":2},"end":{"line":40,"column":null}},"14":{"start":{"line":37,"column":4},"end":{"line":37,"column":null}},"15":{"start":{"line":38,"column":2},"end":{"line":40,"column":null}},"16":{"start":{"line":39,"column":4},"end":{"line":39,"column":null}},"17":{"start":{"line":42,"column":2},"end":{"line":42,"column":null}},"18":{"start":{"line":46,"column":19},"end":{"line":46,"column":null}},"19":{"start":{"line":48,"column":2},"end":{"line":50,"column":null}},"20":{"start":{"line":49,"column":4},"end":{"line":49,"column":null}},"21":{"start":{"line":52,"column":2},"end":{"line":65,"column":null}},"22":{"start":{"line":53,"column":4},"end":{"line":55,"column":null}},"23":{"start":{"line":54,"column":6},"end":{"line":54,"column":null}},"24":{"start":{"line":56,"column":2},"end":{"line":65,"column":null}},"25":{"start":{"line":57,"column":4},"end":{"line":62,"column":null}},"26":{"start":{"line":58,"column":6},"end":{"line":58,"column":null}},"27":{"start":{"line":59,"column":6},"end":{"line":61,"column":null}},"28":{"start":{"line":63,"column":2},"end":{"line":65,"column":null}},"29":{"start":{"line":64,"column":4},"end":{"line":64,"column":null}},"30":{"start":{"line":69,"column":22},"end":{"line":69,"column":null}},"31":{"start":{"line":70,"column":2},"end":{"line":70,"column":null}},"32":{"start":{"line":71,"column":17},"end":{"line":71,"column":null}},"33":{"start":{"line":72,"column":2},"end":{"line":101,"column":null}},"34":{"start":{"line":73,"column":4},"end":{"line":100,"column":null}},"35":{"start":{"line":74,"column":6},"end":{"line":74,"column":null}},"36":{"start":{"line":74,"column":55},"end":{"line":74,"column":70}},"37":{"start":{"line":75,"column":6},"end":{"line":79,"column":null}},"38":{"start":{"line":76,"column":8},"end":{"line":78,"column":null}},"39":{"start":{"line":77,"column":10},"end":{"line":77,"column":null}},"40":{"start":{"line":80,"column":6},"end":{"line":80,"column":null}},"41":{"start":{"line":82,"column":6},"end":{"line":82,"column":null}},"42":{"start":{"line":83,"column":6},"end":{"line":98,"column":null}},"43":{"start":{"line":84,"column":8},"end":{"line":97,"column":null}},"44":{"start":{"line":85,"column":25},"end":{"line":95,"column":null}},"45":{"start":{"line":96,"column":10},"end":{"line":96,"column":null}},"46":{"start":{"line":99,"column":6},"end":{"line":99,"column":null}},"47":{"start":{"line":105,"column":2},"end":{"line":105,"column":null}},"48":{"start":{"line":106,"column":2},"end":{"line":106,"column":null}},"49":{"start":{"line":110,"column":2},"end":{"line":110,"column":null}},"50":{"start":{"line":111,"column":2},"end":{"line":111,"column":null}},"51":{"start":{"line":115,"column":2},"end":{"line":115,"column":null}},"52":{"start":{"line":120,"column":2},"end":{"line":120,"column":null}},"53":{"start":{"line":122,"column":2},"end":{"line":124,"column":null}},"54":{"start":{"line":123,"column":4},"end":{"line":123,"column":null}},"55":{"start":{"line":126,"column":15},"end":{"line":126,"column":null}},"56":{"start":{"line":128,"column":2},"end":{"line":138,"column":null}},"57":{"start":{"line":129,"column":17},"end":{"line":129,"column":null}},"58":{"start":{"line":130,"column":4},"end":{"line":137,"column":null}},"59":{"start":{"line":131,"column":17},"end":{"line":131,"column":null}},"60":{"start":{"line":132,"column":6},"end":{"line":136,"column":null}},"61":{"start":{"line":140,"column":2},"end":{"line":140,"column":null}},"62":{"start":{"line":149,"column":6},"end":{"line":149,"column":25}},"63":{"start":{"line":149,"column":25},"end":{"line":149,"column":12}},"64":{"start":{"line":183,"column":20},"end":{"line":183,"column":null}},"65":{"start":{"line":196,"column":27},"end":{"line":196,"column":35}},"66":{"start":{"line":200,"column":12},"end":{"line":200,"column":29}},"67":{"start":{"line":201,"column":29},"end":{"line":201,"column":47}},"68":{"start":{"line":204,"column":27},"end":{"line":204,"column":null}},"69":{"start":{"line":212,"column":31},"end":{"line":212,"column":null}},"70":{"start":{"line":224,"column":27},"end":{"line":224,"column":null}},"71":{"start":{"line":226,"column":31},"end":{"line":226,"column":null}},"72":{"start":{"line":229,"column":41},"end":{"line":null,"column":-1}}},"fnMap":{"0":{"name":"(anonymous_1)","decl":{"start":{"line":28,"column":33},"end":{"line":28,"column":39}},"loc":{"start":{"line":28,"column":39},"end":{"line":43,"column":1}}},"1":{"name":"processInputFill","decl":{"start":{"line":45,"column":9},"end":{"line":45,"column":26}},"loc":{"start":{"line":45,"column":36},"end":{"line":66,"column":null}}},"2":{"name":"onLayersButtonClick","decl":{"start":{"line":68,"column":15},"end":{"line":68,"column":35}},"loc":{"start":{"line":68,"column":64},"end":{"line":102,"column":null}}},"3":{"name":"(anonymous_4)","decl":{"start":{"line":72,"column":21},"end":{"line":72,"column":22}},"loc":{"start":{"line":72,"column":34},"end":{"line":101,"column":3}}},"4":{"name":"(anonymous_5)","decl":{"start":{"line":74,"column":47},"end":{"line":74,"column":48}},"loc":{"start":{"line":74,"column":55},"end":{"line":74,"column":70}}},"5":{"name":"(anonymous_6)","decl":{"start":{"line":75,"column":39},"end":{"line":75,"column":40}},"loc":{"start":{"line":75,"column":50},"end":{"line":79,"column":7}}},"6":{"name":"(anonymous_7)","decl":{"start":{"line":83,"column":27},"end":{"line":83,"column":28}},"loc":{"start":{"line":83,"column":38},"end":{"line":98,"column":7}}},"7":{"name":"addLayerClick","decl":{"start":{"line":104,"column":9},"end":{"line":104,"column":23}},"loc":{"start":{"line":104,"column":37},"end":{"line":107,"column":null}}},"8":{"name":"deleteLayerClick","decl":{"start":{"line":109,"column":9},"end":{"line":109,"column":26}},"loc":{"start":{"line":109,"column":52},"end":{"line":112,"column":null}}},"9":{"name":"onSubmit","decl":{"start":{"line":114,"column":9},"end":{"line":114,"column":18}},"loc":{"start":{"line":114,"column":32},"end":{"line":143,"column":null}}},"10":{"name":"(anonymous_11)","decl":{"start":{"line":128,"column":18},"end":{"line":128,"column":28}},"loc":{"start":{"line":128,"column":31},"end":{"line":138,"column":null}}},"11":{"name":"(anonymous_14)","decl":{"start":{"line":149,"column":6},"end":{"line":149,"column":12}},"loc":{"start":{"line":149,"column":25},"end":{"line":149,"column":12}}},"12":{"name":"(anonymous_19)","decl":{"start":{"line":183,"column":18},"end":{"line":183,"column":20}},"loc":{"start":{"line":183,"column":20},"end":{"line":183,"column":null}}},"13":{"name":"(anonymous_20)","decl":{"start":{"line":196,"column":27},"end":{"line":196,"column":33}},"loc":{"start":{"line":196,"column":27},"end":{"line":196,"column":35}}},"14":{"name":"(anonymous_23)","decl":{"start":{"line":198,"column":71},"end":{"line":198,"column":null}},"loc":{"start":{"line":200,"column":12},"end":{"line":200,"column":29}}},"15":{"name":"(anonymous_24)","decl":{"start":{"line":201,"column":27},"end":{"line":201,"column":29}},"loc":{"start":{"line":201,"column":29},"end":{"line":201,"column":47}}},"16":{"name":"(anonymous_27)","decl":{"start":{"line":204,"column":27},"end":{"line":204,"column":37}},"loc":{"start":{"line":204,"column":27},"end":{"line":204,"column":null}}},"17":{"name":"(anonymous_28)","decl":{"start":{"line":212,"column":24},"end":{"line":212,"column":28}},"loc":{"start":{"line":212,"column":31},"end":{"line":212,"column":null}}},"18":{"name":"(anonymous_30)","decl":{"start":{"line":224,"column":27},"end":{"line":224,"column":36}},"loc":{"start":{"line":224,"column":27},"end":{"line":224,"column":null}}},"19":{"name":"(anonymous_31)","decl":{"start":{"line":226,"column":24},"end":{"line":226,"column":28}},"loc":{"start":{"line":226,"column":31},"end":{"line":226,"column":null}}},"20":{"name":"(anonymous_32)","decl":{"start":{"line":229,"column":20},"end":{"line":229,"column":28}},"loc":{"start":{"line":229,"column":41},"end":{"line":null,"column":-1}}}},"branchMap":{"0":{"loc":{"start":{"line":29,"column":2},"end":{"line":31,"column":null}},"type":"if","locations":[{"start":{"line":29,"column":2},"end":{"line":31,"column":null}},{"start":{"line":29,"column":2},"end":{"line":31,"column":null}}]},"1":{"loc":{"start":{"line":34,"column":4},"end":{"line":34,"column":null}},"type":"binary-expr","locations":[{"start":{"line":34,"column":4},"end":{"line":34,"column":44}},{"start":{"line":34,"column":44},"end":{"line":34,"column":null}}]},"2":{"loc":{"start":{"line":36,"column":2},"end":{"line":40,"column":null}},"type":"if","locations":[{"start":{"line":36,"column":2},"end":{"line":40,"column":null}},{"start":{"line":38,"column":2},"end":{"line":40,"column":null}}]},"3":{"loc":{"start":{"line":38,"column":2},"end":{"line":40,"column":null}},"type":"if","locations":[{"start":{"line":38,"column":2},"end":{"line":40,"column":null}},{"start":{"line":38,"column":2},"end":{"line":40,"column":null}}]},"4":{"loc":{"start":{"line":48,"column":2},"end":{"line":50,"column":null}},"type":"if","locations":[{"start":{"line":48,"column":2},"end":{"line":50,"column":null}},{"start":{"line":48,"column":2},"end":{"line":50,"column":null}}]},"5":{"loc":{"start":{"line":52,"column":2},"end":{"line":65,"column":null}},"type":"if","locations":[{"start":{"line":52,"column":2},"end":{"line":65,"column":null}},{"start":{"line":56,"column":2},"end":{"line":65,"column":null}}]},"6":{"loc":{"start":{"line":53,"column":4},"end":{"line":55,"column":null}},"type":"if","locations":[{"start":{"line":53,"column":4},"end":{"line":55,"column":null}},{"start":{"line":53,"column":4},"end":{"line":55,"column":null}}]},"7":{"loc":{"start":{"line":56,"column":2},"end":{"line":65,"column":null}},"type":"if","locations":[{"start":{"line":56,"column":2},"end":{"line":65,"column":null}},{"start":{"line":63,"column":2},"end":{"line":65,"column":null}}]},"8":{"loc":{"start":{"line":57,"column":4},"end":{"line":62,"column":null}},"type":"if","locations":[{"start":{"line":57,"column":4},"end":{"line":62,"column":null}},{"start":{"line":57,"column":4},"end":{"line":62,"column":null}}]},"9":{"loc":{"start":{"line":57,"column":8},"end":{"line":57,"column":79}},"type":"binary-expr","locations":[{"start":{"line":57,"column":8},"end":{"line":57,"column":45}},{"start":{"line":57,"column":45},"end":{"line":57,"column":79}}]},"10":{"loc":{"start":{"line":60,"column":9},"end":{"line":60,"column":null}},"type":"cond-expr","locations":[{"start":{"line":60,"column":48},"end":{"line":60,"column":67}},{"start":{"line":60,"column":67},"end":{"line":60,"column":null}}]},"11":{"loc":{"start":{"line":63,"column":2},"end":{"line":65,"column":null}},"type":"if","locations":[{"start":{"line":63,"column":2},"end":{"line":65,"column":null}},{"start":{"line":63,"column":2},"end":{"line":65,"column":null}}]},"12":{"loc":{"start":{"line":73,"column":4},"end":{"line":100,"column":null}},"type":"if","locations":[{"start":{"line":73,"column":4},"end":{"line":100,"column":null}},{"start":{"line":81,"column":11},"end":{"line":100,"column":null}}]},"13":{"loc":{"start":{"line":76,"column":8},"end":{"line":78,"column":null}},"type":"if","locations":[{"start":{"line":76,"column":8},"end":{"line":78,"column":null}},{"start":{"line":76,"column":8},"end":{"line":78,"column":null}}]},"14":{"loc":{"start":{"line":84,"column":8},"end":{"line":97,"column":null}},"type":"if","locations":[{"start":{"line":84,"column":8},"end":{"line":97,"column":null}},{"start":{"line":84,"column":8},"end":{"line":97,"column":null}}]},"15":{"loc":{"start":{"line":122,"column":2},"end":{"line":124,"column":null}},"type":"if","locations":[{"start":{"line":122,"column":2},"end":{"line":124,"column":null}},{"start":{"line":122,"column":2},"end":{"line":124,"column":null}}]},"16":{"loc":{"start":{"line":130,"column":4},"end":{"line":137,"column":null}},"type":"if","locations":[{"start":{"line":130,"column":4},"end":{"line":137,"column":null}},{"start":{"line":130,"column":4},"end":{"line":137,"column":null}}]},"17":{"loc":{"start":{"line":163,"column":18},"end":{"line":163,"column":null}},"type":"cond-expr","locations":[{"start":{"line":163,"column":34},"end":{"line":163,"column":null}},{"start":{"line":163,"column":34},"end":{"line":163,"column":null}}]},"18":{"loc":{"start":{"line":170,"column":30},"end":{"line":170,"column":null}},"type":"cond-expr","locations":[{"start":{"line":170,"column":57},"end":{"line":170,"column":null}},{"start":{"line":170,"column":57},"end":{"line":170,"column":null}}]},"19":{"loc":{"start":{"line":196,"column":27},"end":{"line":196,"column":35}},"type":"binary-expr","locations":[{"start":{"line":196,"column":27},"end":{"line":196,"column":33}},{"start":{"line":196,"column":27},"end":{"line":196,"column":35}}]},"20":{"loc":{"start":{"line":197,"column":26},"end":{"line":197,"column":null}},"type":"cond-expr","locations":[{"start":{"line":197,"column":42},"end":{"line":197,"column":null}},{"start":{"line":197,"column":42},"end":{"line":197,"column":null}}]},"21":{"loc":{"start":{"line":201,"column":27},"end":{"line":201,"column":47}},"type":"binary-expr","locations":[{"start":{"line":201,"column":27},"end":{"line":201,"column":29}},{"start":{"line":201,"column":27},"end":{"line":201,"column":47}}]},"22":{"loc":{"start":{"line":204,"column":27},"end":{"line":204,"column":null}},"type":"binary-expr","locations":[{"start":{"line":204,"column":27},"end":{"line":204,"column":37}},{"start":{"line":204,"column":27},"end":{"line":204,"column":null}}]},"23":{"loc":{"start":{"line":212,"column":31},"end":{"line":212,"column":null}},"type":"binary-expr","locations":[{"start":{"line":212,"column":31},"end":{"line":212,"column":41}},{"start":{"line":212,"column":41},"end":{"line":212,"column":null}}]},"24":{"loc":{"start":{"line":224,"column":27},"end":{"line":224,"column":null}},"type":"binary-expr","locations":[{"start":{"line":224,"column":27},"end":{"line":224,"column":36}},{"start":{"line":224,"column":27},"end":{"line":224,"column":null}}]},"25":{"loc":{"start":{"line":226,"column":31},"end":{"line":226,"column":null}},"type":"binary-expr","locations":[{"start":{"line":226,"column":31},"end":{"line":226,"column":41}},{"start":{"line":226,"column":41},"end":{"line":226,"column":null}}]}},"s":{"0":0,"1":0,"2":0,"3":0,"4":0,"5":0,"6":0,"7":0,"8":0,"9":0,"10":0,"11":0,"12":0,"13":0,"14":0,"15":0,"16":0,"17":0,"18":0,"19":0,"20":0,"21":0,"22":0,"23":0,"24":0,"25":0,"26":0,"27":0,"28":0,"29":0,"30":0,"31":0,"32":0,"33":0,"34":0,"35":0,"36":0,"37":0,"38":0,"39":0,"40":0,"41":0,"42":0,"43":0,"44":0,"45":0,"46":0,"47":0,"48":0,"49":0,"50":0,"51":0,"52":0,"53":0,"54":0,"55":0,"56":0,"57":0,"58":0,"59":0,"60":0,"61":0,"62":0,"63":0,"64":0,"65":0,"66":0,"67":0,"68":0,"69":0,"70":0,"71":0,"72":0},"f":{"0":0,"1":0,"2":0,"3":0,"4":0,"5":0,"6":0,"7":0,"8":0,"9":0,"10":0,"11":0,"12":0,"13":0,"14":0,"15":0,"16":0,"17":0,"18":0,"19":0,"20":0},"b":{"0":[0,0],"1":[0,0],"2":[0,0],"3":[0,0],"4":[0,0],"5":[0,0],"6":[0,0],"7":[0,0],"8":[0,0],"9":[0,0],"10":[0,0],"11":[0,0],"12":[0,0],"13":[0,0],"14":[0,0],"15":[0,0],"16":[0,0],"17":[0,0],"18":[0,0],"19":[0,0],"20":[0,0],"21":[0,0],"22":[0,0],"23":[0,0],"24":[0,0],"25":[0,0]}}
,"/Users/nicholaschang/dev/feature-demo/src/components/NavigationFab.vue": {"path":"/Users/nicholaschang/dev/feature-demo/src/components/NavigationFab.vue","statementMap":{"0":{"start":{"line":8,"column":15},"end":{"line":8,"column":null}},"1":{"start":{"line":9,"column":15},"end":{"line":9,"column":null}},"2":{"start":{"line":9,"column":55},"end":{"line":9,"column":77}},"3":{"start":{"line":28,"column":8},"end":{"line":28,"column":25}},"4":{"start":{"line":28,"column":25},"end":{"line":28,"column":14}}},"fnMap":{"0":{"name":"(anonymous_1)","decl":{"start":{"line":9,"column":44},"end":{"line":9,"column":45}},"loc":{"start":{"line":9,"column":55},"end":{"line":9,"column":77}}},"1":{"name":"(anonymous_4)","decl":{"start":{"line":28,"column":8},"end":{"line":28,"column":14}},"loc":{"start":{"line":28,"column":25},"end":{"line":28,"column":14}}}},"branchMap":{"0":{"loc":{"start":{"line":43,"column":14},"end":{"line":43,"column":null}},"type":"cond-expr","locations":[{"start":{"line":43,"column":30},"end":{"line":43,"column":null}},{"start":{"line":43,"column":30},"end":{"line":43,"column":null}}]},"1":{"loc":{"start":{"line":44,"column":19},"end":{"line":44,"column":null}},"type":"cond-expr","locations":[{"start":{"line":44,"column":35},"end":{"line":44,"column":null}},{"start":{"line":44,"column":35},"end":{"line":44,"column":null}}]},"2":{"loc":{"start":{"line":48,"column":23},"end":{"line":48,"column":68}},"type":"cond-expr","locations":[{"start":{"line":48,"column":36},"end":{"line":48,"column":68}},{"start":{"line":48,"column":58},"end":{"line":48,"column":68}}]}},"s":{"0":0,"1":0,"2":0,"3":0,"4":0},"f":{"0":0,"1":0},"b":{"0":[0,0],"1":[0,0],"2":[0,0]}}
,"/Users/nicholaschang/dev/feature-demo/src/components/PointPicker.vue": {"path":"/Users/nicholaschang/dev/feature-demo/src/components/PointPicker.vue","statementMap":{"0":{"start":{"line":25,"column":14},"end":{"line":25,"column":null}},"1":{"start":{"line":26,"column":24},"end":{"line":26,"column":null}},"2":{"start":{"line":27,"column":20},"end":{"line":27,"column":null}},"3":{"start":{"line":28,"column":19},"end":{"line":28,"column":null}},"4":{"start":{"line":29,"column":17},"end":{"line":29,"column":null}},"5":{"start":{"line":31,"column":0},"end":{"line":38,"column":null}},"6":{"start":{"line":32,"column":8},"end":{"line":32,"column":null}},"7":{"start":{"line":34,"column":4},"end":{"line":34,"column":null}},"8":{"start":{"line":35,"column":4},"end":{"line":35,"column":null}},"9":{"start":{"line":40,"column":0},"end":{"line":61,"column":null}},"10":{"start":{"line":41,"column":2},"end":{"line":41,"column":null}},"11":{"start":{"line":44,"column":2},"end":{"line":51,"column":null}},"12":{"start":{"line":45,"column":4},"end":{"line":45,"column":null}},"13":{"start":{"line":46,"column":4},"end":{"line":50,"column":null}},"14":{"start":{"line":47,"column":6},"end":{"line":47,"column":null}},"15":{"start":{"line":49,"column":6},"end":{"line":49,"column":null}},"16":{"start":{"line":53,"column":2},"end":{"line":60,"column":null}},"17":{"start":{"line":54,"column":14},"end":{"line":54,"column":null}},"18":{"start":{"line":55,"column":4},"end":{"line":59,"column":null}},"19":{"start":{"line":56,"column":6},"end":{"line":58,"column":null}},"20":{"start":{"line":57,"column":8},"end":{"line":57,"column":null}},"21":{"start":{"line":63,"column":0},"end":{"line":65,"column":null}},"22":{"start":{"line":64,"column":2},"end":{"line":64,"column":null}},"23":{"start":{"line":68,"column":18},"end":{"line":68,"column":null}},"24":{"start":{"line":69,"column":2},"end":{"line":69,"column":null}},"25":{"start":{"line":70,"column":2},"end":{"line":70,"column":null}},"26":{"start":{"line":71,"column":2},"end":{"line":253,"column":null}},"27":{"start":{"line":98,"column":10},"end":{"line":98,"column":null}},"28":{"start":{"line":99,"column":32},"end":{"line":107,"column":null}},"29":{"start":{"line":108,"column":10},"end":{"line":108,"column":null}},"30":{"start":{"line":109,"column":10},"end":{"line":109,"column":null}},"31":{"start":{"line":115,"column":17},"end":{"line":115,"column":null}},"32":{"start":{"line":116,"column":6},"end":{"line":120,"column":null}},"33":{"start":{"line":117,"column":8},"end":{"line":117,"column":null}},"34":{"start":{"line":118,"column":8},"end":{"line":118,"column":null}},"35":{"start":{"line":119,"column":8},"end":{"line":119,"column":null}},"36":{"start":{"line":122,"column":6},"end":{"line":126,"column":null}},"37":{"start":{"line":123,"column":8},"end":{"line":123,"column":null}},"38":{"start":{"line":124,"column":8},"end":{"line":124,"column":null}},"39":{"start":{"line":125,"column":8},"end":{"line":125,"column":null}},"40":{"start":{"line":150,"column":26},"end":{"line":150,"column":null}},"41":{"start":{"line":151,"column":10},"end":{"line":156,"column":null}},"42":{"start":{"line":155,"column":12},"end":{"line":155,"column":null}},"43":{"start":{"line":157,"column":10},"end":{"line":157,"column":null}},"44":{"start":{"line":168,"column":26},"end":{"line":168,"column":null}},"45":{"start":{"line":170,"column":10},"end":{"line":172,"column":null}},"46":{"start":{"line":171,"column":12},"end":{"line":171,"column":null}},"47":{"start":{"line":174,"column":10},"end":{"line":174,"column":null}},"48":{"start":{"line":189,"column":26},"end":{"line":189,"column":null}},"49":{"start":{"line":190,"column":10},"end":{"line":192,"column":null}},"50":{"start":{"line":191,"column":12},"end":{"line":191,"column":null}},"51":{"start":{"line":193,"column":10},"end":{"line":193,"column":null}},"52":{"start":{"line":215,"column":26},"end":{"line":215,"column":null}},"53":{"start":{"line":216,"column":10},"end":{"line":218,"column":null}},"54":{"start":{"line":217,"column":12},"end":{"line":217,"column":null}},"55":{"start":{"line":219,"column":10},"end":{"line":219,"column":null}},"56":{"start":{"line":240,"column":26},"end":{"line":240,"column":null}},"57":{"start":{"line":241,"column":10},"end":{"line":243,"column":null}},"58":{"start":{"line":242,"column":12},"end":{"line":242,"column":null}},"59":{"start":{"line":244,"column":10},"end":{"line":244,"column":null}},"60":{"start":{"line":254,"column":2},"end":{"line":254,"column":null}},"61":{"start":{"line":258,"column":2},"end":{"line":258,"column":null}},"62":{"start":{"line":262,"column":19},"end":{"line":264,"column":null}},"63":{"start":{"line":264,"column":21},"end":{"line":264,"column":50}},"64":{"start":{"line":265,"column":2},"end":{"line":265,"column":null}},"65":{"start":{"line":266,"column":2},"end":{"line":266,"column":null}},"66":{"start":{"line":268,"column":16},"end":{"line":268,"column":null}},"67":{"start":{"line":270,"column":2},"end":{"line":292,"column":null}},"68":{"start":{"line":271,"column":20},"end":{"line":271,"column":null}},"69":{"start":{"line":272,"column":19},"end":{"line":272,"column":null}},"70":{"start":{"line":273,"column":21},"end":{"line":273,"column":null}},"71":{"start":{"line":274,"column":4},"end":{"line":274,"column":null}},"72":{"start":{"line":275,"column":16},"end":{"line":275,"column":null}},"73":{"start":{"line":276,"column":18},"end":{"line":279,"column":null}},"74":{"start":{"line":280,"column":4},"end":{"line":287,"column":null}},"75":{"start":{"line":289,"column":4},"end":{"line":289,"column":null}},"76":{"start":{"line":290,"column":4},"end":{"line":290,"column":null}},"77":{"start":{"line":291,"column":4},"end":{"line":291,"column":null}},"78":{"start":{"line":296,"column":2},"end":{"line":298,"column":null}},"79":{"start":{"line":297,"column":4},"end":{"line":297,"column":null}},"80":{"start":{"line":300,"column":2},"end":{"line":302,"column":null}},"81":{"start":{"line":301,"column":4},"end":{"line":301,"column":null}},"82":{"start":{"line":304,"column":2},"end":{"line":354,"column":null}},"83":{"start":{"line":305,"column":4},"end":{"line":305,"column":null}},"84":{"start":{"line":307,"column":23},"end":{"line":315,"column":null}},"85":{"start":{"line":317,"column":20},"end":{"line":317,"column":null}},"86":{"start":{"line":319,"column":17},"end":{"line":327,"column":null}},"87":{"start":{"line":328,"column":4},"end":{"line":341,"column":null}},"88":{"start":{"line":333,"column":6},"end":{"line":333,"column":null}},"89":{"start":{"line":334,"column":6},"end":{"line":336,"column":null}},"90":{"start":{"line":337,"column":6},"end":{"line":339,"column":null}},"91":{"start":{"line":338,"column":8},"end":{"line":338,"column":null}},"92":{"start":{"line":340,"column":6},"end":{"line":340,"column":null}},"93":{"start":{"line":349,"column":4},"end":{"line":349,"column":null}},"94":{"start":{"line":350,"column":4},"end":{"line":350,"column":null}},"95":{"start":{"line":351,"column":4},"end":{"line":351,"column":null}}},"fnMap":{"0":{"name":"(anonymous_1)","decl":{"start":{"line":32,"column":2},"end":{"line":32,"column":8}},"loc":{"start":{"line":32,"column":8},"end":{"line":32,"column":null}}},"1":{"name":"(anonymous_2)","decl":{"start":{"line":33,"column":2},"end":{"line":33,"column":3}},"loc":{"start":{"line":33,"column":13},"end":{"line":36,"column":null}}},"2":{"name":"(anonymous_3)","decl":{"start":{"line":40,"column":10},"end":{"line":40,"column":16}},"loc":{"start":{"line":40,"column":16},"end":{"line":61,"column":1}}},"3":{"name":"(anonymous_4)","decl":{"start":{"line":44,"column":30},"end":{"line":44,"column":40}},"loc":{"start":{"line":44,"column":52},"end":{"line":51,"column":3}}},"4":{"name":"(anonymous_5)","decl":{"start":{"line":53,"column":32},"end":{"line":53,"column":42}},"loc":{"start":{"line":53,"column":48},"end":{"line":60,"column":3}}},"5":{"name":"(anonymous_6)","decl":{"start":{"line":55,"column":27},"end":{"line":55,"column":28}},"loc":{"start":{"line":55,"column":37},"end":{"line":59,"column":5}}},"6":{"name":"(anonymous_7)","decl":{"start":{"line":63,"column":12},"end":{"line":63,"column":18}},"loc":{"start":{"line":63,"column":18},"end":{"line":65,"column":1}}},"7":{"name":"createTable","decl":{"start":{"line":67,"column":9},"end":{"line":67,"column":23}},"loc":{"start":{"line":67,"column":23},"end":{"line":255,"column":null}}},"8":{"name":"(anonymous_9)","decl":{"start":{"line":97,"column":16},"end":{"line":97,"column":26}},"loc":{"start":{"line":97,"column":34},"end":{"line":111,"column":null}}},"9":{"name":"(anonymous_10)","decl":{"start":{"line":114,"column":18},"end":{"line":114,"column":28}},"loc":{"start":{"line":114,"column":33},"end":{"line":127,"column":null}}},"10":{"name":"placeholder","decl":{"start":{"line":149,"column":28},"end":{"line":149,"column":40}},"loc":{"start":{"line":149,"column":61},"end":{"line":158,"column":null}}},"11":{"name":"(anonymous_12)","decl":{"start":{"line":167,"column":19},"end":{"line":167,"column":29}},"loc":{"start":{"line":167,"column":50},"end":{"line":175,"column":null}}},"12":{"name":"placeholder","decl":{"start":{"line":188,"column":28},"end":{"line":188,"column":40}},"loc":{"start":{"line":188,"column":61},"end":{"line":194,"column":null}}},"13":{"name":"placeholder","decl":{"start":{"line":214,"column":28},"end":{"line":214,"column":40}},"loc":{"start":{"line":214,"column":61},"end":{"line":220,"column":null}}},"14":{"name":"placeholder","decl":{"start":{"line":239,"column":28},"end":{"line":239,"column":40}},"loc":{"start":{"line":239,"column":61},"end":{"line":245,"column":null}}},"15":{"name":"pointPickerClick","decl":{"start":{"line":257,"column":9},"end":{"line":257,"column":28}},"loc":{"start":{"line":257,"column":28},"end":{"line":259,"column":null}}},"16":{"name":"renderPoint","decl":{"start":{"line":261,"column":9},"end":{"line":261,"column":21}},"loc":{"start":{"line":261,"column":40},"end":{"line":293,"column":null}}},"17":{"name":"(anonymous_18)","decl":{"start":{"line":264,"column":10},"end":{"line":264,"column":11}},"loc":{"start":{"line":264,"column":21},"end":{"line":264,"column":50}}},"18":{"name":"handleKeyDown","decl":{"start":{"line":295,"column":9},"end":{"line":295,"column":23}},"loc":{"start":{"line":295,"column":45},"end":{"line":355,"column":null}}},"19":{"name":"(anonymous_20)","decl":{"start":{"line":337,"column":17},"end":{"line":337,"column":23}},"loc":{"start":{"line":337,"column":23},"end":{"line":339,"column":9}}}},"branchMap":{"0":{"loc":{"start":{"line":56,"column":6},"end":{"line":58,"column":null}},"type":"if","locations":[{"start":{"line":56,"column":6},"end":{"line":58,"column":null}},{"start":{"line":56,"column":6},"end":{"line":58,"column":null}}]},"1":{"loc":{"start":{"line":116,"column":6},"end":{"line":120,"column":null}},"type":"if","locations":[{"start":{"line":116,"column":6},"end":{"line":120,"column":null}},{"start":{"line":116,"column":6},"end":{"line":120,"column":null}}]},"2":{"loc":{"start":{"line":122,"column":6},"end":{"line":126,"column":null}},"type":"if","locations":[{"start":{"line":122,"column":6},"end":{"line":126,"column":null}},{"start":{"line":122,"column":6},"end":{"line":126,"column":null}}]},"3":{"loc":{"start":{"line":151,"column":10},"end":{"line":156,"column":null}},"type":"if","locations":[{"start":{"line":151,"column":10},"end":{"line":156,"column":null}},{"start":{"line":151,"column":10},"end":{"line":156,"column":null}}]},"4":{"loc":{"start":{"line":152,"column":12},"end":{"line":153,"column":null}},"type":"binary-expr","locations":[{"start":{"line":152,"column":12},"end":{"line":152,"column":null}},{"start":{"line":153,"column":13},"end":{"line":153,"column":33}},{"start":{"line":153,"column":33},"end":{"line":153,"column":null}}]},"5":{"loc":{"start":{"line":170,"column":10},"end":{"line":172,"column":null}},"type":"if","locations":[{"start":{"line":170,"column":10},"end":{"line":172,"column":null}},{"start":{"line":170,"column":10},"end":{"line":172,"column":null}}]},"6":{"loc":{"start":{"line":170,"column":14},"end":{"line":170,"column":59}},"type":"binary-expr","locations":[{"start":{"line":170,"column":14},"end":{"line":170,"column":41}},{"start":{"line":170,"column":41},"end":{"line":170,"column":59}}]},"7":{"loc":{"start":{"line":190,"column":10},"end":{"line":192,"column":null}},"type":"if","locations":[{"start":{"line":190,"column":10},"end":{"line":192,"column":null}},{"start":{"line":190,"column":10},"end":{"line":192,"column":null}}]},"8":{"loc":{"start":{"line":190,"column":14},"end":{"line":190,"column":59}},"type":"binary-expr","locations":[{"start":{"line":190,"column":14},"end":{"line":190,"column":41}},{"start":{"line":190,"column":41},"end":{"line":190,"column":59}}]},"9":{"loc":{"start":{"line":216,"column":10},"end":{"line":218,"column":null}},"type":"if","locations":[{"start":{"line":216,"column":10},"end":{"line":218,"column":null}},{"start":{"line":216,"column":10},"end":{"line":218,"column":null}}]},"10":{"loc":{"start":{"line":216,"column":14},"end":{"line":216,"column":59}},"type":"binary-expr","locations":[{"start":{"line":216,"column":14},"end":{"line":216,"column":41}},{"start":{"line":216,"column":41},"end":{"line":216,"column":59}}]},"11":{"loc":{"start":{"line":241,"column":10},"end":{"line":243,"column":null}},"type":"if","locations":[{"start":{"line":241,"column":10},"end":{"line":243,"column":null}},{"start":{"line":241,"column":10},"end":{"line":243,"column":null}}]},"12":{"loc":{"start":{"line":241,"column":14},"end":{"line":241,"column":59}},"type":"binary-expr","locations":[{"start":{"line":241,"column":14},"end":{"line":241,"column":41}},{"start":{"line":241,"column":41},"end":{"line":241,"column":59}}]},"13":{"loc":{"start":{"line":270,"column":2},"end":{"line":292,"column":null}},"type":"if","locations":[{"start":{"line":270,"column":2},"end":{"line":292,"column":null}},{"start":{"line":270,"column":2},"end":{"line":292,"column":null}}]},"14":{"loc":{"start":{"line":270,"column":6},"end":{"line":270,"column":65}},"type":"binary-expr","locations":[{"start":{"line":270,"column":6},"end":{"line":270,"column":26}},{"start":{"line":270,"column":26},"end":{"line":270,"column":46}},{"start":{"line":270,"column":46},"end":{"line":270,"column":65}}]},"15":{"loc":{"start":{"line":296,"column":2},"end":{"line":298,"column":null}},"type":"if","locations":[{"start":{"line":296,"column":2},"end":{"line":298,"column":null}},{"start":{"line":296,"column":2},"end":{"line":298,"column":null}}]},"16":{"loc":{"start":{"line":300,"column":2},"end":{"line":302,"column":null}},"type":"if","locations":[{"start":{"line":300,"column":2},"end":{"line":302,"column":null}},{"start":{"line":300,"column":2},"end":{"line":302,"column":null}}]},"17":{"loc":{"start":{"line":304,"column":2},"end":{"line":354,"column":null}},"type":"if","locations":[{"start":{"line":304,"column":2},"end":{"line":354,"column":null}},{"start":{"line":304,"column":2},"end":{"line":354,"column":null}}]},"18":{"loc":{"start":{"line":328,"column":4},"end":{"line":341,"column":null}},"type":"if","locations":[{"start":{"line":328,"column":4},"end":{"line":341,"column":null}},{"start":{"line":328,"column":4},"end":{"line":341,"column":null}}]},"19":{"loc":{"start":{"line":329,"column":6},"end":{"line":331,"column":null}},"type":"binary-expr","locations":[{"start":{"line":329,"column":6},"end":{"line":329,"column":null}},{"start":{"line":330,"column":6},"end":{"line":330,"column":null}},{"start":{"line":331,"column":6},"end":{"line":331,"column":null}}]}},"s":{"0":0,"1":0,"2":0,"3":0,"4":0,"5":0,"6":0,"7":0,"8":0,"9":0,"10":0,"11":0,"12":0,"13":0,"14":0,"15":0,"16":0,"17":0,"18":0,"19":0,"20":0,"21":0,"22":0,"23":0,"24":0,"25":0,"26":0,"27":0,"28":0,"29":0,"30":0,"31":0,"32":0,"33":0,"34":0,"35":0,"36":0,"37":0,"38":0,"39":0,"40":0,"41":0,"42":0,"43":0,"44":0,"45":0,"46":0,"47":0,"48":0,"49":0,"50":0,"51":0,"52":0,"53":0,"54":0,"55":0,"56":0,"57":0,"58":0,"59":0,"60":0,"61":0,"62":0,"63":0,"64":0,"65":0,"66":0,"67":0,"68":0,"69":0,"70":0,"71":0,"72":0,"73":0,"74":0,"75":0,"76":0,"77":0,"78":0,"79":0,"80":0,"81":0,"82":0,"83":0,"84":0,"85":0,"86":0,"87":0,"88":0,"89":0,"90":0,"91":0,"92":0,"93":0,"94":0,"95":0},"f":{"0":0,"1":0,"2":0,"3":0,"4":0,"5":0,"6":0,"7":0,"8":0,"9":0,"10":0,"11":0,"12":0,"13":0,"14":0,"15":0,"16":0,"17":0,"18":0,"19":0},"b":{"0":[0,0],"1":[0,0],"2":[0,0],"3":[0,0],"4":[0,0,0],"5":[0,0],"6":[0,0],"7":[0,0],"8":[0,0],"9":[0,0],"10":[0,0],"11":[0,0],"12":[0,0],"13":[0,0],"14":[0,0,0],"15":[0,0],"16":[0,0],"17":[0,0],"18":[0,0],"19":[0,0,0]}}
,"/Users/nicholaschang/dev/feature-demo/src/components/PopUp.vue": {"path":"/Users/nicholaschang/dev/feature-demo/src/components/PopUp.vue","statementMap":{"0":{"start":{"line":13,"column":14},"end":{"line":13,"column":null}},"1":{"start":{"line":18,"column":13},"end":{"line":18,"column":null}},"2":{"start":{"line":22,"column":0},"end":{"line":30,"column":null}},"3":{"start":{"line":23,"column":8},"end":{"line":23,"column":null}},"4":{"start":{"line":25,"column":4},"end":{"line":28,"column":null}},"5":{"start":{"line":26,"column":6},"end":{"line":26,"column":null}},"6":{"start":{"line":27,"column":6},"end":{"line":27,"column":null}},"7":{"start":{"line":32,"column":0},"end":{"line":34,"column":null}},"8":{"start":{"line":33,"column":2},"end":{"line":33,"column":null}},"9":{"start":{"line":36,"column":0},"end":{"line":38,"column":null}},"10":{"start":{"line":37,"column":2},"end":{"line":37,"column":null}},"11":{"start":{"line":40,"column":19},"end":{"line":40,"column":null}},"12":{"start":{"line":41,"column":14},"end":{"line":41,"column":null}},"13":{"start":{"line":42,"column":19},"end":{"line":42,"column":null}},"14":{"start":{"line":45,"column":18},"end":{"line":45,"column":null}},"15":{"start":{"line":46,"column":2},"end":{"line":46,"column":null}},"16":{"start":{"line":47,"column":2},"end":{"line":47,"column":null}},"17":{"start":{"line":48,"column":2},"end":{"line":170,"column":null}},"18":{"start":{"line":62,"column":10},"end":{"line":62,"column":null}},"19":{"start":{"line":64,"column":32},"end":{"line":72,"column":null}},"20":{"start":{"line":73,"column":10},"end":{"line":73,"column":null}},"21":{"start":{"line":74,"column":10},"end":{"line":74,"column":null}},"22":{"start":{"line":75,"column":10},"end":{"line":75,"column":null}},"23":{"start":{"line":81,"column":10},"end":{"line":94,"column":null}},"24":{"start":{"line":86,"column":12},"end":{"line":88,"column":null}},"25":{"start":{"line":89,"column":12},"end":{"line":91,"column":null}},"26":{"start":{"line":90,"column":14},"end":{"line":90,"column":null}},"27":{"start":{"line":93,"column":12},"end":{"line":93,"column":null}},"28":{"start":{"line":96,"column":22},"end":{"line":96,"column":null}},"29":{"start":{"line":97,"column":27},"end":{"line":105,"column":null}},"30":{"start":{"line":106,"column":10},"end":{"line":106,"column":null}},"31":{"start":{"line":107,"column":10},"end":{"line":107,"column":null}},"32":{"start":{"line":108,"column":10},"end":{"line":108,"column":null}},"33":{"start":{"line":109,"column":10},"end":{"line":111,"column":null}},"34":{"start":{"line":110,"column":12},"end":{"line":110,"column":null}},"35":{"start":{"line":171,"column":2},"end":{"line":171,"column":null}},"36":{"start":{"line":174,"column":27},"end":{"line":179,"column":null}},"37":{"start":{"line":175,"column":2},"end":{"line":175,"column":null}},"38":{"start":{"line":176,"column":2},"end":{"line":178,"column":null}},"39":{"start":{"line":177,"column":4},"end":{"line":177,"column":null}},"40":{"start":{"line":180,"column":18},"end":{"line":189,"column":null}},"41":{"start":{"line":181,"column":2},"end":{"line":183,"column":null}},"42":{"start":{"line":182,"column":4},"end":{"line":182,"column":null}},"43":{"start":{"line":185,"column":2},"end":{"line":188,"column":null}},"44":{"start":{"line":186,"column":4},"end":{"line":186,"column":null}},"45":{"start":{"line":187,"column":4},"end":{"line":187,"column":null}},"46":{"start":{"line":193,"column":2},"end":{"line":198,"column":null}}},"fnMap":{"0":{"name":"(anonymous_1)","decl":{"start":{"line":23,"column":2},"end":{"line":23,"column":8}},"loc":{"start":{"line":23,"column":8},"end":{"line":23,"column":null}}},"1":{"name":"(anonymous_2)","decl":{"start":{"line":24,"column":2},"end":{"line":24,"column":3}},"loc":{"start":{"line":24,"column":13},"end":{"line":29,"column":null}}},"2":{"name":"(anonymous_3)","decl":{"start":{"line":32,"column":10},"end":{"line":32,"column":16}},"loc":{"start":{"line":32,"column":16},"end":{"line":34,"column":1}}},"3":{"name":"(anonymous_4)","decl":{"start":{"line":36,"column":12},"end":{"line":36,"column":18}},"loc":{"start":{"line":36,"column":18},"end":{"line":38,"column":1}}},"4":{"name":"createTable","decl":{"start":{"line":44,"column":9},"end":{"line":44,"column":23}},"loc":{"start":{"line":44,"column":23},"end":{"line":172,"column":null}}},"5":{"name":"(anonymous_6)","decl":{"start":{"line":61,"column":16},"end":{"line":61,"column":26}},"loc":{"start":{"line":61,"column":34},"end":{"line":76,"column":null}}},"6":{"name":"(anonymous_7)","decl":{"start":{"line":80,"column":16},"end":{"line":80,"column":26}},"loc":{"start":{"line":80,"column":34},"end":{"line":114,"column":null}}},"7":{"name":"(anonymous_8)","decl":{"start":{"line":89,"column":23},"end":{"line":89,"column":29}},"loc":{"start":{"line":89,"column":29},"end":{"line":91,"column":15}}},"8":{"name":"(anonymous_9)","decl":{"start":{"line":109,"column":21},"end":{"line":109,"column":27}},"loc":{"start":{"line":109,"column":27},"end":{"line":111,"column":13}}},"9":{"name":"(anonymous_10)","decl":{"start":{"line":174,"column":27},"end":{"line":174,"column":28}},"loc":{"start":{"line":174,"column":50},"end":{"line":179,"column":null}}},"10":{"name":"(anonymous_11)","decl":{"start":{"line":180,"column":18},"end":{"line":180,"column":19}},"loc":{"start":{"line":180,"column":44},"end":{"line":189,"column":null}}}},"branchMap":{"0":{"loc":{"start":{"line":25,"column":4},"end":{"line":28,"column":null}},"type":"if","locations":[{"start":{"line":25,"column":4},"end":{"line":28,"column":null}},{"start":{"line":25,"column":4},"end":{"line":28,"column":null}}]},"1":{"loc":{"start":{"line":81,"column":10},"end":{"line":94,"column":null}},"type":"if","locations":[{"start":{"line":81,"column":10},"end":{"line":94,"column":null}},{"start":{"line":81,"column":10},"end":{"line":94,"column":null}}]},"2":{"loc":{"start":{"line":82,"column":12},"end":{"line":84,"column":null}},"type":"binary-expr","locations":[{"start":{"line":82,"column":12},"end":{"line":82,"column":null}},{"start":{"line":83,"column":12},"end":{"line":83,"column":null}},{"start":{"line":84,"column":12},"end":{"line":84,"column":null}}]},"3":{"loc":{"start":{"line":176,"column":2},"end":{"line":178,"column":null}},"type":"if","locations":[{"start":{"line":176,"column":2},"end":{"line":178,"column":null}},{"start":{"line":176,"column":2},"end":{"line":178,"column":null}}]},"4":{"loc":{"start":{"line":181,"column":2},"end":{"line":183,"column":null}},"type":"if","locations":[{"start":{"line":181,"column":2},"end":{"line":183,"column":null}},{"start":{"line":181,"column":2},"end":{"line":183,"column":null}}]},"5":{"loc":{"start":{"line":185,"column":2},"end":{"line":188,"column":null}},"type":"if","locations":[{"start":{"line":185,"column":2},"end":{"line":188,"column":null}},{"start":{"line":185,"column":2},"end":{"line":188,"column":null}}]}},"s":{"0":2,"1":2,"2":2,"3":2,"4":0,"5":0,"6":0,"7":2,"8":2,"9":2,"10":2,"11":2,"12":2,"13":2,"14":2,"15":2,"16":2,"17":2,"18":0,"19":0,"20":0,"21":0,"22":0,"23":0,"24":0,"25":0,"26":0,"27":0,"28":0,"29":0,"30":0,"31":0,"32":0,"33":0,"34":0,"35":2,"36":2,"37":0,"38":0,"39":0,"40":2,"41":0,"42":0,"43":0,"44":0,"45":0,"46":2},"f":{"0":2,"1":0,"2":2,"3":2,"4":2,"5":0,"6":0,"7":0,"8":0,"9":0,"10":0},"b":{"0":[0,0],"1":[0,0],"2":[0,0,0],"3":[0,0],"4":[0,0],"5":[0,0]}}
,"/Users/nicholaschang/dev/feature-demo/src/components/TodoCard.vue": {"path":"/Users/nicholaschang/dev/feature-demo/src/components/TodoCard.vue","statementMap":{"0":{"start":{"line":13,"column":18},"end":{"line":13,"column":null}},"1":{"start":{"line":23,"column":13},"end":{"line":23,"column":null}},"2":{"start":{"line":21,"column":27},"end":{"line":null,"column":-1}},"3":{"start":{"line":29,"column":14},"end":{"line":31,"column":27}},"4":{"start":{"line":26,"column":22},"end":{"line":26,"column":null}},"5":{"start":{"line":33,"column":74},"end":{"line":35,"column":27}},"6":{"start":{"line":33,"column":28},"end":{"line":33,"column":60}}},"fnMap":{"0":{"name":"(anonymous_4)","decl":{"start":{"line":21,"column":10},"end":{"line":21,"column":13}},"loc":{"start":{"line":21,"column":27},"end":{"line":null,"column":-1}}},"1":{"name":"(anonymous_5)","decl":{"start":{"line":25,"column":12},"end":{"line":25,"column":null}},"loc":{"start":{"line":29,"column":14},"end":{"line":31,"column":27}}},"2":{"name":"(anonymous_6)","decl":{"start":{"line":26,"column":20},"end":{"line":26,"column":22}},"loc":{"start":{"line":26,"column":22},"end":{"line":26,"column":null}}},"3":{"name":"(anonymous_7)","decl":{"start":{"line":33,"column":12},"end":{"line":33,"column":21}},"loc":{"start":{"line":33,"column":74},"end":{"line":35,"column":27}}},"4":{"name":"(anonymous_8)","decl":{"start":{"line":33,"column":26},"end":{"line":33,"column":28}},"loc":{"start":{"line":33,"column":28},"end":{"line":33,"column":60}}}},"branchMap":{"0":{"loc":{"start":{"line":26,"column":20},"end":{"line":26,"column":null}},"type":"binary-expr","locations":[{"start":{"line":26,"column":20},"end":{"line":26,"column":22}},{"start":{"line":26,"column":20},"end":{"line":26,"column":null}}]},"1":{"loc":{"start":{"line":33,"column":26},"end":{"line":33,"column":60}},"type":"binary-expr","locations":[{"start":{"line":33,"column":26},"end":{"line":33,"column":28}},{"start":{"line":33,"column":26},"end":{"line":33,"column":60}}]}},"s":{"0":0,"1":0,"2":0,"3":0,"4":0,"5":0,"6":0},"f":{"0":0,"1":0,"2":0,"3":0,"4":0},"b":{"0":[0,0],"1":[0,0]}}
,"/Users/nicholaschang/dev/feature-demo/src/layouts/MainLayout.vue": {"path":"/Users/nicholaschang/dev/feature-demo/src/layouts/MainLayout.vue","statementMap":{"0":{"start":{"line":15,"column":14},"end":{"line":15,"column":null}},"1":{"start":{"line":16,"column":14},"end":{"line":16,"column":null}},"2":{"start":{"line":17,"column":11},"end":{"line":17,"column":null}},"3":{"start":{"line":19,"column":19},"end":{"line":22,"column":null}},"4":{"start":{"line":20,"column":2},"end":{"line":20,"column":null}},"5":{"start":{"line":21,"column":2},"end":{"line":21,"column":null}},"6":{"start":{"line":36,"column":39},"end":{"line":36,"column":57}},"7":{"start":{"line":52,"column":19},"end":{"line":52,"column":null}},"8":{"start":{"line":61,"column":21},"end":{"line":61,"column":null}}},"fnMap":{"0":{"name":"(anonymous_1)","decl":{"start":{"line":19,"column":19},"end":{"line":19,"column":25}},"loc":{"start":{"line":19,"column":25},"end":{"line":22,"column":null}}},"1":{"name":"(anonymous_6)","decl":{"start":{"line":36,"column":25},"end":{"line":36,"column":39}},"loc":{"start":{"line":36,"column":39},"end":{"line":36,"column":57}}},"2":{"name":"(anonymous_7)","decl":{"start":{"line":52,"column":19},"end":{"line":52,"column":24}},"loc":{"start":{"line":52,"column":19},"end":{"line":52,"column":null}}},"3":{"name":"(anonymous_8)","decl":{"start":{"line":61,"column":6},"end":{"line":61,"column":21}},"loc":{"start":{"line":61,"column":21},"end":{"line":61,"column":null}}}},"branchMap":{"0":{"loc":{"start":{"line":29,"column":14},"end":{"line":29,"column":null}},"type":"cond-expr","locations":[{"start":{"line":29,"column":30},"end":{"line":29,"column":null}},{"start":{"line":29,"column":30},"end":{"line":29,"column":null}}]},"1":{"loc":{"start":{"line":33,"column":18},"end":{"line":33,"column":null}},"type":"cond-expr","locations":[{"start":{"line":33,"column":34},"end":{"line":33,"column":null}},{"start":{"line":33,"column":34},"end":{"line":33,"column":null}}]},"2":{"loc":{"start":{"line":34,"column":23},"end":{"line":34,"column":null}},"type":"cond-expr","locations":[{"start":{"line":34,"column":39},"end":{"line":34,"column":null}},{"start":{"line":34,"column":39},"end":{"line":34,"column":null}}]},"3":{"loc":{"start":{"line":38,"column":16},"end":{"line":40,"column":null}},"type":"cond-expr","locations":[{"start":{"line":38,"column":26},"end":{"line":40,"column":null}},{"start":{"line":40,"column":39},"end":{"line":40,"column":null}}]},"4":{"loc":{"start":{"line":39,"column":18},"end":{"line":39,"column":null}},"type":"cond-expr","locations":[{"start":{"line":39,"column":34},"end":{"line":39,"column":null}},{"start":{"line":39,"column":34},"end":{"line":39,"column":null}}]},"5":{"loc":{"start":{"line":40,"column":23},"end":{"line":40,"column":null}},"type":"cond-expr","locations":[{"start":{"line":40,"column":39},"end":{"line":40,"column":null}},{"start":{"line":40,"column":39},"end":{"line":40,"column":null}}]},"6":{"loc":{"start":{"line":43,"column":16},"end":{"line":45,"column":null}},"type":"cond-expr","locations":[{"start":{"line":43,"column":26},"end":{"line":45,"column":null}},{"start":{"line":45,"column":39},"end":{"line":45,"column":null}}]},"7":{"loc":{"start":{"line":44,"column":18},"end":{"line":44,"column":null}},"type":"cond-expr","locations":[{"start":{"line":44,"column":34},"end":{"line":44,"column":null}},{"start":{"line":44,"column":34},"end":{"line":44,"column":null}}]},"8":{"loc":{"start":{"line":45,"column":23},"end":{"line":45,"column":null}},"type":"cond-expr","locations":[{"start":{"line":45,"column":39},"end":{"line":45,"column":null}},{"start":{"line":45,"column":39},"end":{"line":45,"column":null}}]},"9":{"loc":{"start":{"line":52,"column":19},"end":{"line":52,"column":null}},"type":"binary-expr","locations":[{"start":{"line":52,"column":19},"end":{"line":52,"column":24}},{"start":{"line":52,"column":19},"end":{"line":52,"column":null}}]},"10":{"loc":{"start":{"line":54,"column":17},"end":{"line":54,"column":null}},"type":"cond-expr","locations":[{"start":{"line":54,"column":33},"end":{"line":54,"column":null}},{"start":{"line":54,"column":33},"end":{"line":54,"column":null}}]},"11":{"loc":{"start":{"line":55,"column":18},"end":{"line":55,"column":null}},"type":"cond-expr","locations":[{"start":{"line":55,"column":34},"end":{"line":55,"column":null}},{"start":{"line":55,"column":34},"end":{"line":55,"column":null}}]},"12":{"loc":{"start":{"line":56,"column":23},"end":{"line":56,"column":null}},"type":"cond-expr","locations":[{"start":{"line":56,"column":39},"end":{"line":56,"column":null}},{"start":{"line":56,"column":39},"end":{"line":56,"column":null}}]}},"s":{"0":0,"1":0,"2":0,"3":0,"4":0,"5":0,"6":0,"7":0,"8":0},"f":{"0":0,"1":0,"2":0,"3":0},"b":{"0":[0,0],"1":[0,0],"2":[0,0],"3":[0,0],"4":[0,0],"5":[0,0],"6":[0,0],"7":[0,0],"8":[0,0],"9":[0,0],"10":[0,0],"11":[0,0],"12":[0,0]}}
,"/Users/nicholaschang/dev/feature-demo/src/pages/ErrorNotFound.vue": {"path":"/Users/nicholaschang/dev/feature-demo/src/pages/ErrorNotFound.vue","statementMap":{"0":{"start":{"line":8,"column":7},"end":{"line":8,"column":null}},"1":{"start":{"line":10,"column":6},"end":{"line":10,"column":44}},"2":{"start":{"line":12,"column":6},"end":{"line":12,"column":75}}},"fnMap":{},"branchMap":{},"s":{"0":0,"1":0,"2":0},"f":{},"b":{}}
,"/Users/nicholaschang/dev/feature-demo/src/pages/IndexPage.vue": {"path":"/Users/nicholaschang/dev/feature-demo/src/pages/IndexPage.vue","statementMap":{"0":{"start":{"line":12,"column":22},"end":{"line":12,"column":null}}},"fnMap":{"0":{"name":"(anonymous_2)","decl":{"start":{"line":12,"column":4},"end":{"line":12,"column":22}},"loc":{"start":{"line":12,"column":22},"end":{"line":12,"column":null}}}},"branchMap":{},"s":{"0":0},"f":{"0":0},"b":{}}
,"/Users/nicholaschang/dev/feature-demo/src/pages/SettingsPage.vue": {"path":"/Users/nicholaschang/dev/feature-demo/src/pages/SettingsPage.vue","statementMap":{"0":{"start":{"line":15,"column":9},"end":{"line":15,"column":null}}},"fnMap":{},"branchMap":{},"s":{"0":0},"f":{},"b":{}}
,"/Users/nicholaschang/dev/feature-demo/src/pages/TablePage.vue": {"path":"/Users/nicholaschang/dev/feature-demo/src/pages/TablePage.vue","statementMap":{"0":{"start":{"line":12,"column":17},"end":{"line":12,"column":null}}},"fnMap":{"0":{"name":"(anonymous_2)","decl":{"start":{"line":12,"column":4},"end":{"line":12,"column":17}},"loc":{"start":{"line":12,"column":17},"end":{"line":12,"column":null}}}},"branchMap":{},"s":{"0":0},"f":{"0":0},"b":{}}
,"/Users/nicholaschang/dev/feature-demo/src/pages/TodoPage.vue": {"path":"/Users/nicholaschang/dev/feature-demo/src/pages/TodoPage.vue","statementMap":{"0":{"start":{"line":11,"column":18},"end":{"line":11,"column":null}},"1":{"start":{"line":12,"column":16},"end":{"line":12,"column":null}},"2":{"start":{"line":14,"column":17},"end":{"line":23,"column":null}},"3":{"start":{"line":15,"column":2},"end":{"line":22,"column":null}},"4":{"start":{"line":16,"column":4},"end":{"line":20,"column":null}},"5":{"start":{"line":43,"column":13},"end":{"line":43,"column":null}},"6":{"start":{"line":48,"column":11},"end":{"line":48,"column":null}},"7":{"start":{"line":31,"column":23},"end":{"line":31,"column":null}},"8":{"start":{"line":40,"column":19},"end":{"line":40,"column":null}},"9":{"start":{"line":41,"column":29},"end":{"line":41,"column":null}},"10":{"start":{"line":50,"column":20},"end":{"line":51,"column":null}},"11":{"start":{"line":63,"column":20},"end":{"line":64,"column":null}}},"fnMap":{"0":{"name":"(anonymous_1)","decl":{"start":{"line":14,"column":17},"end":{"line":14,"column":23}},"loc":{"start":{"line":14,"column":23},"end":{"line":23,"column":null}}},"1":{"name":"(anonymous_4)","decl":{"start":{"line":31,"column":14},"end":{"line":31,"column":23}},"loc":{"start":{"line":31,"column":23},"end":{"line":31,"column":null}}},"2":{"name":"(anonymous_6)","decl":{"start":{"line":40,"column":19},"end":{"line":40,"column":26}},"loc":{"start":{"line":40,"column":19},"end":{"line":40,"column":null}}},"3":{"name":"(anonymous_7)","decl":{"start":{"line":41,"column":16},"end":{"line":41,"column":20}},"loc":{"start":{"line":41,"column":29},"end":{"line":41,"column":null}}},"4":{"name":"(anonymous_8)","decl":{"start":{"line":50,"column":11},"end":{"line":50,"column":20}},"loc":{"start":{"line":50,"column":20},"end":{"line":51,"column":null}}},"5":{"name":"(anonymous_10)","decl":{"start":{"line":63,"column":11},"end":{"line":63,"column":20}},"loc":{"start":{"line":63,"column":20},"end":{"line":64,"column":null}}}},"branchMap":{"0":{"loc":{"start":{"line":15,"column":2},"end":{"line":22,"column":null}},"type":"if","locations":[{"start":{"line":15,"column":2},"end":{"line":22,"column":null}},{"start":{"line":15,"column":2},"end":{"line":22,"column":null}}]},"1":{"loc":{"start":{"line":31,"column":14},"end":{"line":31,"column":null}},"type":"binary-expr","locations":[{"start":{"line":31,"column":14},"end":{"line":31,"column":23}},{"start":{"line":31,"column":14},"end":{"line":31,"column":null}}]},"2":{"loc":{"start":{"line":40,"column":19},"end":{"line":40,"column":null}},"type":"binary-expr","locations":[{"start":{"line":40,"column":19},"end":{"line":40,"column":26}},{"start":{"line":40,"column":19},"end":{"line":40,"column":null}}]},"3":{"loc":{"start":{"line":41,"column":29},"end":{"line":41,"column":null}},"type":"binary-expr","locations":[{"start":{"line":41,"column":29},"end":{"line":41,"column":36}},{"start":{"line":41,"column":36},"end":{"line":41,"column":null}},{"start":{"line":41,"column":46},"end":{"line":41,"column":null}}]},"4":{"loc":{"start":{"line":51,"column":12},"end":{"line":51,"column":null}},"type":"cond-expr","locations":[{"start":{"line":51,"column":27},"end":{"line":51,"column":null}},{"start":{"line":51,"column":27},"end":{"line":51,"column":null}}]},"5":{"loc":{"start":{"line":64,"column":12},"end":{"line":64,"column":null}},"type":"cond-expr","locations":[{"start":{"line":64,"column":36},"end":{"line":64,"column":null}},{"start":{"line":64,"column":36},"end":{"line":64,"column":null}}]}},"s":{"0":0,"1":0,"2":0,"3":0,"4":0,"5":0,"6":0,"7":0,"8":0,"9":0,"10":0,"11":0},"f":{"0":0,"1":0,"2":0,"3":0,"4":0,"5":0},"b":{"0":[0,0],"1":[0,0],"2":[0,0],"3":[0,0,0],"4":[0,0],"5":[0,0]}}
,"/Users/nicholaschang/dev/feature-demo/src/router/index.ts": {"path":"/Users/nicholaschang/dev/feature-demo/src/router/index.ts","statementMap":{"0":{"start":{"line":23,"column":24},"end":{"line":27,"column":null}},"1":{"start":{"line":29,"column":17},"end":{"line":39,"column":null}},"2":{"start":{"line":30,"column":27},"end":{"line":30,"column":null}},"3":{"start":{"line":41,"column":2},"end":{"line":41,"column":null}}},"fnMap":{"0":{"name":"(anonymous_0)","decl":{"start":{"line":22,"column":21},"end":{"line":22,"column":60}},"loc":{"start":{"line":22,"column":60},"end":{"line":42,"column":1}}},"1":{"name":"(anonymous_1)","decl":{"start":{"line":30,"column":20},"end":{"line":30,"column":27}},"loc":{"start":{"line":30,"column":27},"end":{"line":30,"column":null}}}},"branchMap":{"0":{"loc":{"start":{"line":23,"column":24},"end":{"line":27,"column":null}},"type":"cond-expr","locations":[{"start":{"line":24,"column":6},"end":{"line":24,"column":null}},{"start":{"line":25,"column":6},"end":{"line":27,"column":null}}]},"1":{"loc":{"start":{"line":25,"column":6},"end":{"line":27,"column":null}},"type":"cond-expr","locations":[{"start":{"line":26,"column":6},"end":{"line":26,"column":null}},{"start":{"line":27,"column":6},"end":{"line":27,"column":null}}]}},"s":{"0":0,"1":0,"2":0,"3":0},"f":{"0":0,"1":0},"b":{"0":[0,0],"1":[0,0]}}
,"/Users/nicholaschang/dev/feature-demo/src/router/routes.ts": {"path":"/Users/nicholaschang/dev/feature-demo/src/router/routes.ts","statementMap":{"0":{"start":{"line":4,"column":33},"end":{"line":35,"column":null}},"1":{"start":{"line":8,"column":21},"end":{"line":8,"column":null}},"2":{"start":{"line":14,"column":21},"end":{"line":14,"column":null}},"3":{"start":{"line":20,"column":21},"end":{"line":20,"column":null}},"4":{"start":{"line":26,"column":21},"end":{"line":26,"column":null}},"5":{"start":{"line":32,"column":21},"end":{"line":32,"column":null}}},"fnMap":{"0":{"name":"(anonymous_0)","decl":{"start":{"line":8,"column":15},"end":{"line":8,"column":21}},"loc":{"start":{"line":8,"column":21},"end":{"line":8,"column":null}}},"1":{"name":"(anonymous_1)","decl":{"start":{"line":14,"column":15},"end":{"line":14,"column":21}},"loc":{"start":{"line":14,"column":21},"end":{"line":14,"column":null}}},"2":{"name":"(anonymous_2)","decl":{"start":{"line":20,"column":15},"end":{"line":20,"column":21}},"loc":{"start":{"line":20,"column":21},"end":{"line":20,"column":null}}},"3":{"name":"(anonymous_3)","decl":{"start":{"line":26,"column":15},"end":{"line":26,"column":21}},"loc":{"start":{"line":26,"column":21},"end":{"line":26,"column":null}}},"4":{"name":"(anonymous_4)","decl":{"start":{"line":32,"column":15},"end":{"line":32,"column":21}},"loc":{"start":{"line":32,"column":21},"end":{"line":32,"column":null}}}},"branchMap":{},"s":{"0":0,"1":0,"2":0,"3":0,"4":0,"5":0},"f":{"0":0,"1":0,"2":0,"3":0,"4":0},"b":{}}
[...]
,"/Users/nicholaschang/dev/feature-demo/src/stores/mapStore.ts": {"path":"/Users/nicholaschang/dev/feature-demo/src/stores/mapStore.ts","statementMap":{"0":{"start":{"line":8,"column":27},"end":{"line":22,"column":null}},"1":{"start":{"line":9,"column":23},"end":{"line":11,"column":null}},"2":{"start":{"line":14,"column":23},"end":{"line":14,"column":null}},"3":{"start":{"line":19,"column":6},"end":{"line":19,"column":null}}},"fnMap":{"0":{"name":"(anonymous_0)","decl":{"start":{"line":9,"column":9},"end":{"line":9,"column":23}},"loc":{"start":{"line":9,"column":23},"end":{"line":11,"column":null}}},"1":{"name":"(anonymous_1)","decl":{"start":{"line":14,"column":12},"end":{"line":14,"column":13}},"loc":{"start":{"line":14,"column":23},"end":{"line":14,"column":null}}},"2":{"name":"(anonymous_2)","decl":{"start":{"line":18,"column":4},"end":{"line":18,"column":11}},"loc":{"start":{"line":18,"column":21},"end":{"line":20,"column":null}}}},"branchMap":{},"s":{"0":2,"1":7,"2":2,"3":6},"f":{"0":7,"1":2,"2":6},"b":{}}
,"/Users/nicholaschang/dev/feature-demo/src/stores/tableStore.ts": {"path":"/Users/nicholaschang/dev/feature-demo/src/stores/tableStore.ts","statementMap":{"0":{"start":{"line":11,"column":28},"end":{"line":19,"column":null}},"1":{"start":{"line":21,"column":25},"end":{"line":21,"column":null}},"2":{"start":{"line":23,"column":29},"end":{"line":121,"column":null}},"3":{"start":{"line":24,"column":23},"end":{"line":31,"column":null}},"4":{"start":{"line":34,"column":29},"end":{"line":34,"column":null}},"5":{"start":{"line":35,"column":35},"end":{"line":35,"column":null}},"6":{"start":{"line":40,"column":30},"end":{"line":40,"column":null}},"7":{"start":{"line":41,"column":35},"end":{"line":41,"column":null}},"8":{"start":{"line":43,"column":6},"end":{"line":46,"column":null}},"9":{"start":{"line":44,"column":8},"end":{"line":44,"column":null}},"10":{"start":{"line":45,"column":8},"end":{"line":45,"column":null}},"11":{"start":{"line":48,"column":35},"end":{"line":48,"column":null}},"12":{"start":{"line":49,"column":40},"end":{"line":49,"column":null}},"13":{"start":{"line":50,"column":6},"end":{"line":56,"column":null}},"14":{"start":{"line":51,"column":8},"end":{"line":55,"column":null}},"15":{"start":{"line":52,"column":10},"end":{"line":54,"column":null}},"16":{"start":{"line":53,"column":12},"end":{"line":53,"column":null}},"17":{"start":{"line":58,"column":6},"end":{"line":62,"column":null}},"18":{"start":{"line":59,"column":8},"end":{"line":61,"column":null}},"19":{"start":{"line":60,"column":10},"end":{"line":60,"column":null}},"20":{"start":{"line":64,"column":6},"end":{"line":67,"column":null}},"21":{"start":{"line":68,"column":6},"end":{"line":68,"column":null}},"22":{"start":{"line":71,"column":6},"end":{"line":80,"column":null}},"23":{"start":{"line":72,"column":8},"end":{"line":78,"column":null}},"24":{"start":{"line":72,"column":21},"end":{"line":72,"column":24}},"25":{"start":{"line":73,"column":10},"end":{"line":77,"column":null}},"26":{"start":{"line":74,"column":12},"end":{"line":76,"column":null}},"27":{"start":{"line":75,"column":14},"end":{"line":75,"column":null}},"28":{"start":{"line":79,"column":8},"end":{"line":79,"column":null}},"29":{"start":{"line":81,"column":6},"end":{"line":83,"column":null}},"30":{"start":{"line":82,"column":8},"end":{"line":82,"column":null}},"31":{"start":{"line":84,"column":6},"end":{"line":84,"column":null}},"32":{"start":{"line":88,"column":6},"end":{"line":90,"column":null}},"33":{"start":{"line":89,"column":8},"end":{"line":89,"column":null}},"34":{"start":{"line":89,"column":26},"end":{"line":89,"column":53}},"35":{"start":{"line":92,"column":6},"end":{"line":94,"column":null}},"36":{"start":{"line":93,"column":8},"end":{"line":93,"column":null}},"37":{"start":{"line":93,"column":26},"end":{"line":93,"column":47}},"38":{"start":{"line":96,"column":6},"end":{"line":96,"column":null}},"39":{"start":{"line":100,"column":6},"end":{"line":112,"column":null}},"40":{"start":{"line":101,"column":8},"end":{"line":103,"column":null}},"41":{"start":{"line":102,"column":10},"end":{"line":102,"column":null}},"42":{"start":{"line":105,"column":8},"end":{"line":111,"column":null}},"43":{"start":{"line":105,"column":21},"end":{"line":105,"column":24}},"44":{"start":{"line":106,"column":10},"end":{"line":110,"column":null}},"45":{"start":{"line":107,"column":12},"end":{"line":109,"column":null}},"46":{"start":{"line":108,"column":14},"end":{"line":108,"column":null}},"47":{"start":{"line":113,"column":6},"end":{"line":117,"column":null}},"48":{"start":{"line":114,"column":8},"end":{"line":116,"column":null}},"49":{"start":{"line":115,"column":10},"end":{"line":115,"column":null}},"50":{"start":{"line":118,"column":6},"end":{"line":118,"column":null}}},"fnMap":{"0":{"name":"(anonymous_0)","decl":{"start":{"line":24,"column":9},"end":{"line":24,"column":23}},"loc":{"start":{"line":24,"column":23},"end":{"line":31,"column":null}}},"1":{"name":"(anonymous_1)","decl":{"start":{"line":34,"column":18},"end":{"line":34,"column":19}},"loc":{"start":{"line":34,"column":29},"end":{"line":34,"column":null}}},"2":{"name":"(anonymous_2)","decl":{"start":{"line":35,"column":24},"end":{"line":35,"column":25}},"loc":{"start":{"line":35,"column":35},"end":{"line":35,"column":null}}},"3":{"name":"(anonymous_3)","decl":{"start":{"line":39,"column":4},"end":{"line":39,"column":26}},"loc":{"start":{"line":39,"column":43},"end":{"line":69,"column":null}}},"4":{"name":"(anonymous_4)","decl":{"start":{"line":51,"column":40},"end":{"line":51,"column":41}},"loc":{"start":{"line":51,"column":51},"end":{"line":55,"column":9}}},"5":{"name":"(anonymous_5)","decl":{"start":{"line":59,"column":34},"end":{"line":59,"column":35}},"loc":{"start":{"line":59,"column":45},"end":{"line":61,"column":9}}},"6":{"name":"(anonymous_6)","decl":{"start":{"line":70,"column":4},"end":{"line":70,"column":13}},"loc":{"start":{"line":70,"column":30},"end":{"line":85,"column":null}}},"7":{"name":"(anonymous_7)","decl":{"start":{"line":73,"column":42},"end":{"line":73,"column":48}},"loc":{"start":{"line":73,"column":48},"end":{"line":77,"column":11}}},"8":{"name":"(anonymous_8)","decl":{"start":{"line":87,"column":4},"end":{"line":87,"column":16}},"loc":{"start":{"line":87,"column":33},"end":{"line":97,"column":null}}},"9":{"name":"(anonymous_9)","decl":{"start":{"line":89,"column":20},"end":{"line":89,"column":26}},"loc":{"start":{"line":89,"column":26},"end":{"line":89,"column":53}}},"10":{"name":"(anonymous_10)","decl":{"start":{"line":93,"column":20},"end":{"line":93,"column":26}},"loc":{"start":{"line":93,"column":26},"end":{"line":93,"column":47}}},"11":{"name":"(anonymous_11)","decl":{"start":{"line":99,"column":4},"end":{"line":99,"column":16}},"loc":{"start":{"line":99,"column":33},"end":{"line":119,"column":null}}},"12":{"name":"(anonymous_12)","decl":{"start":{"line":101,"column":59},"end":{"line":101,"column":60}},"loc":{"start":{"line":101,"column":66},"end":{"line":103,"column":9}}},"13":{"name":"(anonymous_13)","decl":{"start":{"line":106,"column":35},"end":{"line":106,"column":41}},"loc":{"start":{"line":106,"column":41},"end":{"line":110,"column":11}}},"14":{"name":"(anonymous_14)","decl":{"start":{"line":114,"column":47},"end":{"line":114,"column":48}},"loc":{"start":{"line":114,"column":54},"end":{"line":116,"column":9}}}},"branchMap":{"0":{"loc":{"start":{"line":21,"column":36},"end":{"line":21,"column":78}},"type":"binary-expr","locations":[{"start":{"line":21,"column":36},"end":{"line":21,"column":74}},{"start":{"line":21,"column":74},"end":{"line":21,"column":78}}]},"1":{"loc":{"start":{"line":27,"column":10},"end":{"line":27,"column":null}},"type":"binary-expr","locations":[{"start":{"line":27,"column":10},"end":{"line":27,"column":33}},{"start":{"line":27,"column":33},"end":{"line":27,"column":null}}]},"2":{"loc":{"start":{"line":30,"column":20},"end":{"line":30,"column":46}},"type":"binary-expr","locations":[{"start":{"line":30,"column":20},"end":{"line":30,"column":43}},{"start":{"line":30,"column":43},"end":{"line":30,"column":46}}]},"3":{"loc":{"start":{"line":43,"column":6},"end":{"line":46,"column":null}},"type":"if","locations":[{"start":{"line":43,"column":6},"end":{"line":46,"column":null}},{"start":{"line":43,"column":6},"end":{"line":46,"column":null}}]},"4":{"loc":{"start":{"line":50,"column":6},"end":{"line":56,"column":null}},"type":"if","locations":[{"start":{"line":50,"column":6},"end":{"line":56,"column":null}},{"start":{"line":50,"column":6},"end":{"line":56,"column":null}}]},"5":{"loc":{"start":{"line":52,"column":10},"end":{"line":54,"column":null}},"type":"if","locations":[{"start":{"line":52,"column":10},"end":{"line":54,"column":null}},{"start":{"line":52,"column":10},"end":{"line":54,"column":null}}]},"6":{"loc":{"start":{"line":58,"column":6},"end":{"line":62,"column":null}},"type":"if","locations":[{"start":{"line":58,"column":6},"end":{"line":62,"column":null}},{"start":{"line":58,"column":6},"end":{"line":62,"column":null}}]},"7":{"loc":{"start":{"line":71,"column":6},"end":{"line":80,"column":null}},"type":"if","locations":[{"start":{"line":71,"column":6},"end":{"line":80,"column":null}},{"start":{"line":71,"column":6},"end":{"line":80,"column":null}}]},"8":{"loc":{"start":{"line":74,"column":12},"end":{"line":76,"column":null}},"type":"if","locations":[{"start":{"line":74,"column":12},"end":{"line":76,"column":null}},{"start":{"line":74,"column":12},"end":{"line":76,"column":null}}]},"9":{"loc":{"start":{"line":81,"column":6},"end":{"line":83,"column":null}},"type":"if","locations":[{"start":{"line":81,"column":6},"end":{"line":83,"column":null}},{"start":{"line":81,"column":6},"end":{"line":83,"column":null}}]},"10":{"loc":{"start":{"line":88,"column":6},"end":{"line":90,"column":null}},"type":"if","locations":[{"start":{"line":88,"column":6},"end":{"line":90,"column":null}},{"start":{"line":88,"column":6},"end":{"line":90,"column":null}}]},"11":{"loc":{"start":{"line":92,"column":6},"end":{"line":94,"column":null}},"type":"if","locations":[{"start":{"line":92,"column":6},"end":{"line":94,"column":null}},{"start":{"line":92,"column":6},"end":{"line":94,"column":null}}]},"12":{"loc":{"start":{"line":100,"column":6},"end":{"line":112,"column":null}},"type":"if","locations":[{"start":{"line":100,"column":6},"end":{"line":112,"column":null}},{"start":{"line":100,"column":6},"end":{"line":112,"column":null}}]},"13":{"loc":{"start":{"line":107,"column":12},"end":{"line":109,"column":null}},"type":"if","locations":[{"start":{"line":107,"column":12},"end":{"line":109,"column":null}},{"start":{"line":107,"column":12},"end":{"line":109,"column":null}}]},"14":{"loc":{"start":{"line":113,"column":6},"end":{"line":117,"column":null}},"type":"if","locations":[{"start":{"line":113,"column":6},"end":{"line":117,"column":null}},{"start":{"line":113,"column":6},"end":{"line":117,"column":null}}]}},"s":{"0":2,"1":2,"2":2,"3":12,"4":5,"5":6,"6":10,"7":10,"8":10,"9":0,"10":0,"11":10,"12":10,"13":10,"14":5,"15":10,"16":5,"17":10,"18":5,"19":2,"20":10,"21":10,"22":6,"23":4,"24":4,"25":1,"26":2,"27":2,"28":4,"29":6,"30":2,"31":6,"32":0,"33":0,"34":0,"35":0,"36":0,"37":0,"38":0,"39":2,"40":1,"41":2,"42":1,"43":1,"44":0,"45":0,"46":0,"47":2,"48":1,"49":1,"50":2},"f":{"0":12,"1":5,"2":6,"3":10,"4":10,"5":2,"6":6,"7":2,"8":0,"9":0,"10":0,"11":2,"12":2,"13":0,"14":1},"b":{"0":[2,2],"1":[12,12],"2":[12,12],"3":[0,10],"4":[5,5],"5":[5,5],"6":[5,5],"7":[4,2],"8":[2,0],"9":[2,4],"10":[0,0],"11":[0,0],"12":[1,1],"13":[0,0],"14":[1,1]}}
,"/Users/nicholaschang/dev/feature-demo/src/stores/todoStore.ts": {"path":"/Users/nicholaschang/dev/feature-demo/src/stores/todoStore.ts","statementMap":{"0":{"start":{"line":10,"column":28},"end":{"line":82,"column":null}},"1":{"start":{"line":11,"column":23},"end":{"line":17,"column":null}},"2":{"start":{"line":21,"column":6},"end":{"line":21,"column":null}},"3":{"start":{"line":24,"column":6},"end":{"line":24,"column":null}},"4":{"start":{"line":24,"column":41},"end":{"line":24,"column":56}},"5":{"start":{"line":27,"column":6},"end":{"line":27,"column":null}},"6":{"start":{"line":30,"column":6},"end":{"line":32,"column":null}},"7":{"start":{"line":31,"column":8},"end":{"line":31,"column":null}},"8":{"start":{"line":44,"column":29},"end":{"line":44,"column":null}},"9":{"start":{"line":45,"column":6},"end":{"line":49,"column":null}},"10":{"start":{"line":45,"column":19},"end":{"line":45,"column":22}},"11":{"start":{"line":46,"column":8},"end":{"line":48,"column":null}},"12":{"start":{"line":47,"column":10},"end":{"line":47,"column":null}},"13":{"start":{"line":50,"column":6},"end":{"line":50,"column":null}},"14":{"start":{"line":54,"column":6},"end":{"line":54,"column":null}},"15":{"start":{"line":55,"column":6},"end":{"line":55,"column":null}},"16":{"start":{"line":58,"column":6},"end":{"line":60,"column":null}},"17":{"start":{"line":59,"column":8},"end":{"line":59,"column":null}},"18":{"start":{"line":61,"column":6},"end":{"line":61,"column":null}},"19":{"start":{"line":73,"column":19},"end":{"line":73,"column":null}},"20":{"start":{"line":73,"column":45},"end":{"line":73,"column":59}},"21":{"start":{"line":74,"column":6},"end":{"line":76,"column":null}},"22":{"start":{"line":75,"column":8},"end":{"line":75,"column":null}},"23":{"start":{"line":78,"column":6},"end":{"line":78,"column":null}},"24":{"start":{"line":79,"column":6},"end":{"line":79,"column":null}}},"fnMap":{"0":{"name":"(anonymous_0)","decl":{"start":{"line":11,"column":9},"end":{"line":11,"column":23}},"loc":{"start":{"line":11,"column":23},"end":{"line":17,"column":null}}},"1":{"name":"(anonymous_1)","decl":{"start":{"line":20,"column":4},"end":{"line":20,"column":23}},"loc":{"start":{"line":20,"column":23},"end":{"line":22,"column":null}}},"2":{"name":"(anonymous_2)","decl":{"start":{"line":23,"column":4},"end":{"line":23,"column":24}},"loc":{"start":{"line":23,"column":24},"end":{"line":25,"column":null}}},"3":{"name":"(anonymous_3)","decl":{"start":{"line":24,"column":31},"end":{"line":24,"column":32}},"loc":{"start":{"line":24,"column":41},"end":{"line":24,"column":56}}},"4":{"name":"(anonymous_4)","decl":{"start":{"line":26,"column":4},"end":{"line":26,"column":20}},"loc":{"start":{"line":26,"column":20},"end":{"line":28,"column":null}}},"5":{"name":"(anonymous_5)","decl":{"start":{"line":29,"column":4},"end":{"line":29,"column":29}},"loc":{"start":{"line":29,"column":29},"end":{"line":33,"column":null}}},"6":{"name":"(anonymous_6)","decl":{"start":{"line":30,"column":31},"end":{"line":30,"column":32}},"loc":{"start":{"line":30,"column":54},"end":{"line":32,"column":9}}},"7":{"name":"(anonymous_7)","decl":{"start":{"line":43,"column":4},"end":{"line":43,"column":28}},"loc":{"start":{"line":43,"column":28},"end":{"line":51,"column":null}}},"8":{"name":"(anonymous_8)","decl":{"start":{"line":53,"column":4},"end":{"line":53,"column":12}},"loc":{"start":{"line":53,"column":24},"end":{"line":56,"column":null}}},"9":{"name":"(anonymous_9)","decl":{"start":{"line":57,"column":4},"end":{"line":57,"column":15}},"loc":{"start":{"line":57,"column":39},"end":{"line":62,"column":null}}},"10":{"name":"(anonymous_10)","decl":{"start":{"line":58,"column":37},"end":{"line":58,"column":38}},"loc":{"start":{"line":58,"column":47},"end":{"line":60,"column":7}}},"11":{"name":"(anonymous_11)","decl":{"start":{"line":63,"column":4},"end":{"line":63,"column":19}},"loc":{"start":{"line":63,"column":43},"end":{"line":80,"column":null}}},"12":{"name":"(anonymous_12)","decl":{"start":{"line":73,"column":35},"end":{"line":73,"column":36}},"loc":{"start":{"line":73,"column":45},"end":{"line":73,"column":59}}}},"branchMap":{"0":{"loc":{"start":{"line":15,"column":20},"end":{"line":15,"column":61}},"type":"binary-expr","locations":[{"start":{"line":15,"column":20},"end":{"line":15,"column":57}},{"start":{"line":15,"column":57},"end":{"line":15,"column":61}}]},"1":{"loc":{"start":{"line":31,"column":15},"end":{"line":31,"column":null}},"type":"cond-expr","locations":[{"start":{"line":31,"column":36},"end":{"line":31,"column":51}},{"start":{"line":31,"column":51},"end":{"line":31,"column":null}}]},"2":{"loc":{"start":{"line":46,"column":8},"end":{"line":48,"column":null}},"type":"if","locations":[{"start":{"line":46,"column":8},"end":{"line":48,"column":null}},{"start":{"line":46,"column":8},"end":{"line":48,"column":null}}]},"3":{"loc":{"start":{"line":74,"column":6},"end":{"line":76,"column":null}},"type":"if","locations":[{"start":{"line":74,"column":6},"end":{"line":76,"column":null}},{"start":{"line":74,"column":6},"end":{"line":76,"column":null}}]}},"s":{"0":1,"1":7,"2":4,"3":1,"4":2,"5":1,"6":2,"7":4,"8":3,"9":3,"10":3,"11":7,"12":1,"13":3,"14":1,"15":1,"16":1,"17":3,"18":1,"19":2,"20":3,"21":2,"22":1,"23":1,"24":1},"f":{"0":7,"1":4,"2":1,"3":2,"4":1,"5":2,"6":4,"7":3,"8":1,"9":1,"10":3,"11":2,"12":3},"b":{"0":[7,5],"1":[2,2],"2":[1,6],"3":[1,1]}}
,"/Users/nicholaschang/dev/feature-demo/src/utils/helpers.ts": {"path":"/Users/nicholaschang/dev/feature-demo/src/utils/helpers.ts","statementMap":{"0":{"start":{"line":5,"column":2},"end":{"line":5,"column":null}},"1":{"start":{"line":13,"column":2},"end":{"line":15,"column":null}},"2":{"start":{"line":14,"column":4},"end":{"line":14,"column":null}},"3":{"start":{"line":16,"column":2},"end":{"line":16,"column":null}},"4":{"start":{"line":24,"column":2},"end":{"line":26,"column":null}},"5":{"start":{"line":25,"column":4},"end":{"line":25,"column":null}},"6":{"start":{"line":27,"column":2},"end":{"line":27,"column":null}},"7":{"start":{"line":35,"column":2},"end":{"line":35,"column":null}}},"fnMap":{"0":{"name":"validateTable","decl":{"start":{"line":4,"column":16},"end":{"line":4,"column":30}},"loc":{"start":{"line":4,"column":48},"end":{"line":6,"column":null}}},"1":{"name":"longRange","decl":{"start":{"line":8,"column":16},"end":{"line":8,"column":null}},"loc":{"start":{"line":12,"column":2},"end":{"line":17,"column":null}}},"2":{"name":"latRange","decl":{"start":{"line":19,"column":16},"end":{"line":19,"column":null}},"loc":{"start":{"line":23,"column":2},"end":{"line":28,"column":null}}},"3":{"name":"minChars","decl":{"start":{"line":30,"column":16},"end":{"line":30,"column":null}},"loc":{"start":{"line":34,"column":2},"end":{"line":36,"column":null}}}},"branchMap":{"0":{"loc":{"start":{"line":13,"column":2},"end":{"line":15,"column":null}},"type":"if","locations":[{"start":{"line":13,"column":2},"end":{"line":15,"column":null}},{"start":{"line":13,"column":2},"end":{"line":15,"column":null}}]},"1":{"loc":{"start":{"line":13,"column":6},"end":{"line":13,"column":56}},"type":"binary-expr","locations":[{"start":{"line":13,"column":6},"end":{"line":13,"column":32}},{"start":{"line":13,"column":32},"end":{"line":13,"column":56}}]},"2":{"loc":{"start":{"line":24,"column":2},"end":{"line":26,"column":null}},"type":"if","locations":[{"start":{"line":24,"column":2},"end":{"line":26,"column":null}},{"start":{"line":24,"column":2},"end":{"line":26,"column":null}}]},"3":{"loc":{"start":{"line":24,"column":6},"end":{"line":24,"column":56}},"type":"binary-expr","locations":[{"start":{"line":24,"column":6},"end":{"line":24,"column":32}},{"start":{"line":24,"column":32},"end":{"line":24,"column":56}}]},"4":{"loc":{"start":{"line":35,"column":9},"end":{"line":35,"column":null}},"type":"cond-expr","locations":[{"start":{"line":35,"column":42},"end":{"line":35,"column":49}},{"start":{"line":35,"column":49},"end":{"line":35,"column":null}}]}},"s":{"0":0,"1":0,"2":0,"3":0,"4":0,"5":0,"6":0,"7":0},"f":{"0":0,"1":0,"2":0,"3":0},"b":{"0":[0,0],"1":[0,0],"2":[0,0],"3":[0,0],"4":[0,0]}}
}
